<?xml version="1.0" encoding="UTF-8"?>
<!-- Generated by org.testng.reporters.JUnitXMLReporter -->
<testsuite ignored="0" hostname="Juanita" failures="1" tests="2" name="CucumberTests" time="8.344" errors="0" timestamp="2026-03-30T05:05:18 IST">
  <testcase classname="com.booking.runners.DirectTestRunner" name="runScenario" time="4.068"/>
  <testcase classname="com.booking.runners.DirectTestRunner" name="runScenario" time="1.594">
    <failure type="java.lang.AssertionError" message="Response should contain &amp;apos;totalBookings&amp;apos; field expected [true] but found [false]">
      <![CDATA[java.lang.AssertionError: Response should contain 'totalBookings' field expected [true] but found [false]
at com.booking.stepDefinitions.E2EHotelBooking.Response_should_contain_booking_report_data(E2EHotelBooking.java:810)
at ✽.Response should contain booking report data(file:///D:/Joshiba/Kata_Cucumber_Project/api_hotel_booking/src/test/resources/features/getBookingReport.feature:27)
... Removed 3 stack frames]]>
    </failure>
  </testcase> <!-- runScenario -->
</testsuite> <!-- CucumberTests -->
