<?xml version="1.0" encoding="UTF-8"?>
<!-- Generated by org.testng.reporters.JUnitXMLReporter -->
<testsuite ignored="0" hostname="Juanita" failures="1" tests="1" name="CucumberTests" time="3.733" errors="0" timestamp="2026-03-28T22:34:23 IST">
  <testcase classname="com.booking.runners.DirectTestRunner" name="runScenario" time="0.245">
    <failure type="io.cucumber.testng.UndefinedStepException" message="The step &amp;apos;User &amp;quot;attempts to access protected resource with invalid token &amp;quot;invalid_token_12345&amp;quot;&amp;quot;&amp;apos; is undefined.
You can implement this step using the snippet(s) below:

@When(&amp;quot;User \&amp;quot;attempts to access protected resource with invalid token \&amp;quot;invalid_token_{int}\&amp;quot;\&amp;quot;&amp;quot;)
public void user_attempts_to_access_protected_resource_with_invalid_token_invalid_token(Integer int1) {
    // Write code here that turns the phrase above into concrete actions
    throw new io.cucumber.java.PendingException();
}
">
      <![CDATA[io.cucumber.testng.UndefinedStepException: The step 'User "attempts to access protected resource with invalid token "invalid_token_12345""' is undefined.
You can implement this step using the snippet(s) below:

@When("User \"attempts to access protected resource with invalid token \"invalid_token_{int}\"\"")
public void user_attempts_to_access_protected_resource_with_invalid_token_invalid_token(Integer int1) {
    // Write code here that turns the phrase above into concrete actions
    throw new io.cucumber.java.PendingException();
}

at io.cucumber.core.runtime.TestCaseResultObserver.assertTestCasePassed(TestCaseResultObserver.java:69)
at io.cucumber.testng.TestCaseResultObserver.assertTestCasePassed(TestCaseResultObserver.java:23)
at io.cucumber.testng.TestNGCucumberRunner.lambda$runScenario$0(TestNGCucumberRunner.java:118)
at io.cucumber.core.runtime.CucumberExecutionContext.runTestCase(CucumberExecutionContext.java:117)
at io.cucumber.testng.TestNGCucumberRunner.runScenario(TestNGCucumberRunner.java:114)
at io.cucumber.testng.AbstractTestNGCucumberTests.runScenario(AbstractTestNGCucumberTests.java:31)
at com.booking.runners.DirectTestRunner.runScenario(DirectTestRunner.java:39)
at java.base/java.util.ArrayList.forEach(Unknown Source)
at com.booking.runners.DirectTestRunner.main(DirectTestRunner.java:47)
... Removed 22 stack frames]]>
    </failure>
  </testcase> <!-- runScenario -->
</testsuite> <!-- CucumberTests -->
