<?xml version="1.0" encoding="UTF-8"?>
<testsuite xmlns:xsi="http://www.w3.org/2001/XMLSchema-instance" xsi:noNamespaceSchemaLocation="https://maven.apache.org/surefire/maven-surefire-plugin/xsd/surefire-test-report-3.0.xsd" version="3.0" name="TestSuite" time="138.927" tests="46" errors="0" skipped="0" failures="7">
  <properties>
[...]
</properties>
  <testcase name="runScenario[&quot;User authentication with valid credentials&quot;, &quot;Optional[Login to the Hotel Booking API -Shady Meadows B&amp;B API]&quot;](1)" classname="com.booking.runners.TestRunner" time="4.375">
    <system-out><![CDATA[
@Login @HotelBookingAPI @api @positive @regression @authReg1
Scenario Outline: User authentication with valid credentials                    # src/test/resources/features/01_login.feature:21
Request method:	POST
Request URI:	https://automationintesting.online/api/auth/login
Proxy:			<none>
Request params:	<none>
Query params:	<none>
Form params:	<none>
Path params:	<none>
Headers:		Accept=application/json, application/javascript, text/javascript, text/json
				Content-Type=application/json; charset=UTF-8
Cookies:		<none>
Multiparts:		<none>
Body:
{
    "password": "password",
    "username": "admin"
}
HTTP/1.1 200 OK
Date: Mon, 30 Mar 2026 02:23:09 GMT
Content-Type: application/json
Transfer-Encoding: chunked
Connection: keep-alive
Server: cloudflare
vary: rsc, next-router-state-tree, next-router-prefetch, next-router-segment-prefetch
x-railway-edge: railway/asia-southeast1-eqsg3a
x-railway-request-id: q2wD82ubTNKNOCrKipRofQ
x-railway-cdn-edge: fastly/cache-sin-wsat1880092-SIN
x-cache: MISS
x-cache-hits: 0
x-served-by: cache-sin-wsat1880092-SIN
cf-cache-status: DYNAMIC
Nel: {"report_to":"cf-nel","success_fraction":0.0,"max_age":604800}
Report-To: {"group":"cf-nel","max_age":604800,"endpoints":[{"url":"https://a.nel.cloudflare.com/report/v4?s=xV09djhMvPsk5NL76oN9Ywagl57Q0LlpV3D75clmS%2FJ25r6Pr4g8IQ4FgljfSyPo6O5ij7AV9OFBfkKeLtgug0Viw9y2ReB0%2BMOHXAin1IpLeuhwCqgbN37Pc0hwOyuAL%2FBqDwUwYqxfJwo0fQ%3D%3D"}]}
Content-Encoding: gzip
CF-RAY: 9e43a68f9e5e3f50-SIN
alt-svc: h3=":443"; ma=86400

{
    "token": "e8pyNkqiP5KCxiCm"
}
  When User authenticates as user with username "admin" and password "password" # com.booking.stepDefinitions.LoginAPIStepDefinition.user_authenticates_as_user(java.lang.String,java.lang.String)
  Then API response status code should be 200                                   # com.booking.stepDefinitions.LoginAPIStepDefinition.API_response_status_code_should_be(int)
Authentication Token: e8pyNkqiP5KCxiCm
Authentication Token: e8pyNkqiP5KCxiCm
Authentication Token: e8pyNkqiP5KCxiCm
Response Status Code: 200
  And Response should contain a valid authentication token                      # com.booking.stepDefinitions.LoginAPIStepDefinition.Response_should_contain_a_valid_authentication_token()
  And Token should not be empty                                                 # com.booking.stepDefinitions.LoginAPIStepDefinition.Token_should_not_be_empty()
]]></system-out>
  </testcase>
  <testcase name="runScenario[&quot;User authentication with invalid credentials&quot;, &quot;Optional[Login to the Hotel Booking API -Shady Meadows B&amp;B API]&quot;](2)" classname="com.booking.runners.TestRunner" time="0.576">
    <system-out><![CDATA[
@Login @HotelBookingAPI @api @negative @regression @authReg2
Scenario Outline: User authentication with invalid credentials                       # src/test/resources/features/01_login.feature:34
Request method:	POST
Request URI:	https://automationintesting.online/api/auth/login
Proxy:			<none>
Request params:	<none>
Query params:	<none>
Form params:	<none>
Path params:	<none>
Headers:		Accept=application/json, application/javascript, text/javascript, text/json
				Content-Type=application/json; charset=UTF-8
Cookies:		<none>
Multiparts:		<none>
Body:
{
    "password": "wrongpassword",
    "username": "admin"
}
HTTP/1.1 401 Unauthorized
Date: Mon, 30 Mar 2026 02:23:10 GMT
Content-Type: application/json
Transfer-Encoding: chunked
Connection: keep-alive
Server: cloudflare
vary: rsc, next-router-state-tree, next-router-prefetch, next-router-segment-prefetch
x-railway-edge: railway/asia-southeast1-eqsg3a
x-railway-request-id: 4PkyZzNQRy27T_ioipRofQ
x-railway-cdn-edge: fastly/cache-sin-wsat1880035-SIN
x-cache: MISS
x-cache-hits: 0
x-served-by: cache-sin-wsat1880035-SIN
cf-cache-status: DYNAMIC
Nel: {"report_to":"cf-nel","success_fraction":0.0,"max_age":604800}
Report-To: {"group":"cf-nel","max_age":604800,"endpoints":[{"url":"https://a.nel.cloudflare.com/report/v4?s=xDejvagn9GxfoBiHAHK29S4IHKm4Ixk1bgpiEEyZTvzJYJguVD0W5vTGYIYf%2B9O3%2BXfxyd6veu2L7vsd43YJx6p9PcKDZG9%2Fgv%2B1Ygg1Fv1lgJ%2BovskXbwteSomVqOtZLV%2FJu7RSp3dFYeOHuQ%3D%3D"}]}
CF-RAY: 9e43a6979cb95fd9-SIN
alt-svc: h3=":443"; ma=86400

{
    "error": "Invalid credentials"
}
  When User authenticates as user with username "admin" and password "wrongpassword" # com.booking.stepDefinitions.LoginAPIStepDefinition.user_authenticates_as_user(java.lang.String,java.lang.String)
  Then API response status code should be 401                                        # com.booking.stepDefinitions.LoginAPIStepDefinition.API_response_status_code_should_be(int)
  And Response should indicate "Invalid credentials"                                 # com.booking.stepDefinitions.LoginAPIStepDefinition.Response_should_indicate(java.lang.String)
  And Response should not contain authentication token                               # com.booking.stepDefinitions.LoginAPIStepDefinition.Response_should_not_contain_authentication_token()
]]></system-out>
  </testcase>
  <testcase name="runScenario[&quot;User authentication with invalid credentials&quot;, &quot;Optional[Login to the Hotel Booking API -Shady Meadows B&amp;B API]&quot;](3)" classname="com.booking.runners.TestRunner" time="0.52">
    <system-out><![CDATA[
@Login @HotelBookingAPI @api @negative @regression @authReg2
Scenario Outline: User authentication with invalid credentials                        # src/test/resources/features/01_login.feature:35
Request method:	POST
Request URI:	https://automationintesting.online/api/auth/login
Proxy:			<none>
Request params:	<none>
Query params:	<none>
Form params:	<none>
Path params:	<none>
Headers:		Accept=application/json, application/javascript, text/javascript, text/json
				Content-Type=application/json; charset=UTF-8
Cookies:		<none>
Multiparts:		<none>
Body:
{
    "password": "password",
    "username": "invaliduser"
}
HTTP/1.1 401 Unauthorized
Date: Mon, 30 Mar 2026 02:23:10 GMT
Content-Type: application/json
Transfer-Encoding: chunked
Connection: keep-alive
Server: cloudflare
vary: rsc, next-router-state-tree, next-router-prefetch, next-router-segment-prefetch
x-railway-edge: railway/asia-southeast1-eqsg3a
x-railway-request-id: f_jU451HQICessrMAQeqjw
x-railway-cdn-edge: fastly/cache-sin-wsap440080-SIN
x-cache: MISS
x-cache-hits: 0
x-served-by: cache-sin-wsap440080-SIN
cf-cache-status: DYNAMIC
Nel: {"report_to":"cf-nel","success_fraction":0.0,"max_age":604800}
Report-To: {"group":"cf-nel","max_age":604800,"endpoints":[{"url":"https://a.nel.cloudflare.com/report/v4?s=sDXgJUXPLSJLFBSjeOuTP17coaLtvlLMI0IcnHD0JKVJ1pYnFrk2Yu7mJ17L5E0W9NpfP94Cc6BopcdJ%2BLxWePGMxouU60Mu3is56a66zLWMMto%2Bvnii6BsEynuLViL%2F1nBY8OENvda1qtb0Iw%3D%3D"}]}
CF-RAY: 9e43a69ae9e5cdda-SIN
alt-svc: h3=":443"; ma=86400

{
    "error": "Invalid credentials"
}
  When User authenticates as user with username "invaliduser" and password "password" # com.booking.stepDefinitions.LoginAPIStepDefinition.user_authenticates_as_user(java.lang.String,java.lang.String)
  Then API response status code should be 401                                         # com.booking.stepDefinitions.LoginAPIStepDefinition.API_response_status_code_should_be(int)
  And Response should indicate "Invalid credentials"                                  # com.booking.stepDefinitions.LoginAPIStepDefinition.Response_should_indicate(java.lang.String)
  And Response should not contain authentication token                                # com.booking.stepDefinitions.LoginAPIStepDefinition.Response_should_not_contain_authentication_token()
]]></system-out>
  </testcase>
  <testcase name="runScenario[&quot;User authentication with invalid credentials&quot;, &quot;Optional[Login to the Hotel Booking API -Shady Meadows B&amp;B API]&quot;](4)" classname="com.booking.runners.TestRunner" time="0.35">
    <system-out><![CDATA[
@Login @HotelBookingAPI @api @negative @regression @authReg2
Scenario Outline: User authentication with invalid credentials             # src/test/resources/features/01_login.feature:36
Request method:	POST
Request URI:	https://automationintesting.online/api/auth/login
Proxy:			<none>
Request params:	<none>
Query params:	<none>
Form params:	<none>
Path params:	<none>
Headers:		Accept=application/json, application/javascript, text/javascript, text/json
				Content-Type=application/json; charset=UTF-8
Cookies:		<none>
Multiparts:		<none>
Body:
{
    "password": "password",
    "username": ""
}
HTTP/1.1 401 Unauthorized
Date: Mon, 30 Mar 2026 02:23:11 GMT
Content-Type: application/json
Transfer-Encoding: chunked
Connection: keep-alive
Server: cloudflare
vary: rsc, next-router-state-tree, next-router-prefetch, next-router-segment-prefetch
x-railway-edge: railway/asia-southeast1-eqsg3a
x-railway-request-id: B7cBdL6TTYieBMeHAQeqjw
x-railway-cdn-edge: fastly/cache-sin-wsat1880028-SIN
x-cache: MISS
x-cache-hits: 0
x-served-by: cache-sin-wsat1880028-SIN
cf-cache-status: DYNAMIC
Nel: {"report_to":"cf-nel","success_fraction":0.0,"max_age":604800}
Report-To: {"group":"cf-nel","max_age":604800,"endpoints":[{"url":"https://a.nel.cloudflare.com/report/v4?s=XlaLcXfkmg6rUoQ1M2VFItKzTD9s0DXygCsXSx%2Bb2qMCzrGsgq4qwFkuCKSs7Mlry%2BFpR5UN2gof4dQdpTjm0ib15kR2%2FXrLsWf54afA7c80mbMmafzU8JsdixT5SL%2BOIyCgGY%2BuVPeYyBtj7w%3D%3D"}]}
CF-RAY: 9e43a69e0c46f408-SIN
alt-svc: h3=":443"; ma=86400

{
    "error": "Invalid credentials"
}
  When User authenticates as user with username "" and password "password" # com.booking.stepDefinitions.LoginAPIStepDefinition.user_authenticates_as_user(java.lang.String,java.lang.String)
  Then API response status code should be 401                              # com.booking.stepDefinitions.LoginAPIStepDefinition.API_response_status_code_should_be(int)
  And Response should indicate "Invalid credentials"                       # com.booking.stepDefinitions.LoginAPIStepDefinition.Response_should_indicate(java.lang.String)
  And Response should not contain authentication token                     # com.booking.stepDefinitions.LoginAPIStepDefinition.Response_should_not_contain_authentication_token()
]]></system-out>
  </testcase>
  <testcase name="runScenario[&quot;User authentication with invalid credentials&quot;, &quot;Optional[Login to the Hotel Booking API -Shady Meadows B&amp;B API]&quot;](5)" classname="com.booking.runners.TestRunner" time="0.702">
    <system-out><![CDATA[
@Login @HotelBookingAPI @api @negative @regression @authReg2
Scenario Outline: User authentication with invalid credentials          # src/test/resources/features/01_login.feature:37
Request method:	POST
Request URI:	https://automationintesting.online/api/auth/login
Proxy:			<none>
Request params:	<none>
Query params:	<none>
Form params:	<none>
Path params:	<none>
Headers:		Accept=application/json, application/javascript, text/javascript, text/json
				Content-Type=application/json; charset=UTF-8
Cookies:		<none>
Multiparts:		<none>
Body:
{
    "password": "",
    "username": "admin"
}
HTTP/1.1 401 Unauthorized
Date: Mon, 30 Mar 2026 02:23:11 GMT
Content-Type: application/json
Transfer-Encoding: chunked
Connection: keep-alive
Server: cloudflare
vary: rsc, next-router-state-tree, next-router-prefetch, next-router-segment-prefetch
x-railway-edge: railway/asia-southeast1-eqsg3a
x-railway-request-id: S7BxH4HgSRS2HLEwmrpb1w
x-railway-cdn-edge: fastly/cache-sin-wsap440080-SIN
x-cache: MISS
x-cache-hits: 0
x-served-by: cache-sin-wsap440080-SIN
cf-cache-status: DYNAMIC
Nel: {"report_to":"cf-nel","success_fraction":0.0,"max_age":604800}
Report-To: {"group":"cf-nel","max_age":604800,"endpoints":[{"url":"https://a.nel.cloudflare.com/report/v4?s=BJpSqqnlzSOhK9M5%2Bomt2dA%2BKDgtZ2w3z5LJTrZoLVG4y8CSi2lyGVsy9lc2SvpxP4r7hZ3OPeBbTEWSDKEaa8WvLCUhz4tpTKJSrd5p4ZdXnKrZttEUerGtlzAE%2BQnpjZpMK%2FKELJbpmxcWPA%3D%3D"}]}
CF-RAY: 9e43a6a07e91cdd1-SIN
alt-svc: h3=":443"; ma=86400

{
    "error": "Invalid credentials"
}
  When User authenticates as user with username "admin" and password "" # com.booking.stepDefinitions.LoginAPIStepDefinition.user_authenticates_as_user(java.lang.String,java.lang.String)
  Then API response status code should be 401                           # com.booking.stepDefinitions.LoginAPIStepDefinition.API_response_status_code_should_be(int)
  And Response should indicate "Invalid credentials"                    # com.booking.stepDefinitions.LoginAPIStepDefinition.Response_should_indicate(java.lang.String)
  And Response should not contain authentication token                  # com.booking.stepDefinitions.LoginAPIStepDefinition.Response_should_not_contain_authentication_token()
]]></system-out>
  </testcase>
  <testcase name="runScenario[&quot;User authentication with invalid credentials&quot;, &quot;Optional[Login to the Hotel Booking API -Shady Meadows B&amp;B API]&quot;](6)" classname="com.booking.runners.TestRunner" time="0.547">
    <system-out><![CDATA[
@Login @HotelBookingAPI @api @negative @regression @authReg2
Scenario Outline: User authentication with invalid credentials     # src/test/resources/features/01_login.feature:38
Request method:	POST
Request URI:	https://automationintesting.online/api/auth/login
Proxy:			<none>
Request params:	<none>
Query params:	<none>
Form params:	<none>
Path params:	<none>
Headers:		Accept=application/json, application/javascript, text/javascript, text/json
				Content-Type=application/json; charset=UTF-8
Cookies:		<none>
Multiparts:		<none>
Body:
{
    "password": "",
    "username": ""
}
HTTP/1.1 401 Unauthorized
Date: Mon, 30 Mar 2026 02:23:12 GMT
Content-Type: application/json
Transfer-Encoding: chunked
Connection: keep-alive
Server: cloudflare
vary: rsc, next-router-state-tree, next-router-prefetch, next-router-segment-prefetch
x-railway-edge: railway/asia-southeast1-eqsg3a
x-railway-request-id: tt_TIJKCSc-Shi2jAQeqjw
x-railway-cdn-edge: fastly/cache-sin-wsap440084-SIN
x-cache: MISS
x-cache-hits: 0
x-served-by: cache-sin-wsap440084-SIN
cf-cache-status: DYNAMIC
Nel: {"report_to":"cf-nel","success_fraction":0.0,"max_age":604800}
Report-To: {"group":"cf-nel","max_age":604800,"endpoints":[{"url":"https://a.nel.cloudflare.com/report/v4?s=e1oEIIPIA%2BYTENq53NGZwBRT6EtJ%2FsDbBqOGt0UnBGE0LpUn7hng0kLbZ%2FaPhbggx2jJpWZWPg3bj3dUhsugiF2cEawvSH2fdKnDyXHh8zwgjNhJBJlNcFPZ%2F%2FC1lAtZC%2Bnj39d4Qu498Ji9hw%3D%3D"}]}
CF-RAY: 9e43a6a50d0efd35-SIN
alt-svc: h3=":443"; ma=86400

{
    "error": "Invalid credentials"
}
  When User authenticates as user with username "" and password "" # com.booking.stepDefinitions.LoginAPIStepDefinition.user_authenticates_as_user(java.lang.String,java.lang.String)
  Then API response status code should be 401                      # com.booking.stepDefinitions.LoginAPIStepDefinition.API_response_status_code_should_be(int)
  And Response should indicate "Invalid credentials"               # com.booking.stepDefinitions.LoginAPIStepDefinition.Response_should_indicate(java.lang.String)
  And Response should not contain authentication token             # com.booking.stepDefinitions.LoginAPIStepDefinition.Response_should_not_contain_authentication_token()
]]></system-out>
  </testcase>
  <testcase name="runScenario[&quot;User authentication with invalid credentials&quot;, &quot;Optional[Login to the Hotel Booking API -Shady Meadows B&amp;B API]&quot;](7)" classname="com.booking.runners.TestRunner" time="0.562">
    <system-out><![CDATA[
@Login @HotelBookingAPI @api @negative @regression @authReg2
Scenario Outline: User authentication with invalid credentials                             # src/test/resources/features/01_login.feature:39
Request method:	POST
Request URI:	https://automationintesting.online/api/auth/login
Proxy:			<none>
Request params:	<none>
Query params:	<none>
Form params:	<none>
Path params:	<none>
Headers:		Accept=application/json, application/javascript, text/javascript, text/json
				Content-Type=application/json; charset=UTF-8
Cookies:		<none>
Multiparts:		<none>
Body:
{
    "password": "password",
    "username": "admin' OR '1'='1"
}
HTTP/1.1 401 Unauthorized
Date: Mon, 30 Mar 2026 02:23:13 GMT
Content-Type: application/json
Transfer-Encoding: chunked
Connection: keep-alive
Server: cloudflare
vary: rsc, next-router-state-tree, next-router-prefetch, next-router-segment-prefetch
x-railway-edge: railway/asia-southeast1-eqsg3a
x-railway-request-id: OaCBobKsQhmdiLCpacI7Nw
x-railway-cdn-edge: fastly/cache-sin-wsap440084-SIN
x-cache: MISS
x-cache-hits: 0
x-served-by: cache-sin-wsap440084-SIN
cf-cache-status: DYNAMIC
Nel: {"report_to":"cf-nel","success_fraction":0.0,"max_age":604800}
Report-To: {"group":"cf-nel","max_age":604800,"endpoints":[{"url":"https://a.nel.cloudflare.com/report/v4?s=iYS3ZlJkpp8IBSlWhb9eeIrCte16zy%2BE3b%2BkNNBIzfR7g%2Fa43yqHmig27LLjTLtjKg9V6otecZYA03hrVJlxhcGDRPa3jMCDZhIyhwtwtSlHrmQTvHzCB7l%2BHdgqrSJ9pbv9A9n77QykbnuVSw%3D%3D"}]}
CF-RAY: 9e43a6a80983fd0a-SIN
alt-svc: h3=":443"; ma=86400

{
    "error": "Invalid credentials"
}
  When User authenticates as user with username "admin' OR '1'='1" and password "password" # com.booking.stepDefinitions.LoginAPIStepDefinition.user_authenticates_as_user(java.lang.String,java.lang.String)
  Then API response status code should be 401                                              # com.booking.stepDefinitions.LoginAPIStepDefinition.API_response_status_code_should_be(int)
  And Response should indicate "Invalid credentials"                                       # com.booking.stepDefinitions.LoginAPIStepDefinition.Response_should_indicate(java.lang.String)
  And Response should not contain authentication token                                     # com.booking.stepDefinitions.LoginAPIStepDefinition.Response_should_not_contain_authentication_token()
]]></system-out>
  </testcase>
  <testcase name="runScenario[&quot;User authentication with invalid credentials&quot;, &quot;Optional[Login to the Hotel Booking API -Shady Meadows B&amp;B API]&quot;](8)" classname="com.booking.runners.TestRunner" time="0.766">
    <system-out><![CDATA[
@Login @HotelBookingAPI @api @negative @regression @authReg2
Scenario Outline: User authentication with invalid credentials                     # src/test/resources/features/01_login.feature:40
Request method:	POST
Request URI:	https://automationintesting.online/api/auth/login
Proxy:			<none>
Request params:	<none>
Query params:	<none>
Form params:	<none>
Path params:	<none>
Headers:		Accept=application/json, application/javascript, text/javascript, text/json
				Content-Type=application/json; charset=UTF-8
Cookies:		<none>
Multiparts:		<none>
Body:
{
    "password": "' OR '1'='1",
    "username": "admin"
}
HTTP/1.1 401 Unauthorized
Date: Mon, 30 Mar 2026 02:23:13 GMT
Content-Type: application/json
Transfer-Encoding: chunked
Connection: keep-alive
Server: cloudflare
vary: rsc, next-router-state-tree, next-router-prefetch, next-router-segment-prefetch
x-railway-edge: railway/asia-southeast1-eqsg3a
x-railway-request-id: O5YZPgaTQyGQOF0d-8Y8hA
x-railway-cdn-edge: fastly/cache-sin-wsat1880077-SIN
x-cache: MISS
x-cache-hits: 0
x-served-by: cache-sin-wsat1880077-SIN
cf-cache-status: DYNAMIC
Nel: {"report_to":"cf-nel","success_fraction":0.0,"max_age":604800}
Report-To: {"group":"cf-nel","max_age":604800,"endpoints":[{"url":"https://a.nel.cloudflare.com/report/v4?s=phaaIzi74F8iWu5PaGZO4Np%2F1pr4Uvi0f%2FNQSuQiZQF1qoAdeCZSHSvWNtMD0C3P%2BB9ohYcYsehS1qQcvgnBE0Ge2EjYTdhpnBGQejiP250v8%2FOMIvev1njCvLdowlNAhqS3qmNcgIWjJxFoDg%3D%3D"}]}
CF-RAY: 9e43a6ab9d67fd89-SIN
alt-svc: h3=":443"; ma=86400

{
    "error": "Invalid credentials"
}
  When User authenticates as user with username "admin" and password "' OR '1'='1" # com.booking.stepDefinitions.LoginAPIStepDefinition.user_authenticates_as_user(java.lang.String,java.lang.String)
  Then API response status code should be 401                                      # com.booking.stepDefinitions.LoginAPIStepDefinition.API_response_status_code_should_be(int)
  And Response should indicate "Invalid credentials"                               # com.booking.stepDefinitions.LoginAPIStepDefinition.Response_should_indicate(java.lang.String)
  And Response should not contain authentication token                             # com.booking.stepDefinitions.LoginAPIStepDefinition.Response_should_not_contain_authentication_token()
]]></system-out>
  </testcase>
  <testcase name="runScenario[&quot;User authentication with invalid credentials&quot;, &quot;Optional[Login to the Hotel Booking API -Shady Meadows B&amp;B API]&quot;](9)" classname="com.booking.runners.TestRunner" time="0.392">
    <system-out><![CDATA[
@Login @HotelBookingAPI @api @negative @regression @authReg2
Scenario Outline: User authentication with invalid credentials                  # src/test/resources/features/01_login.feature:41
Request method:	POST
Request URI:	https://automationintesting.online/api/auth/login
Proxy:			<none>
Request params:	<none>
Query params:	<none>
Form params:	<none>
Path params:	<none>
Headers:		Accept=application/json, application/javascript, text/javascript, text/json
				Content-Type=application/json; charset=UTF-8
Cookies:		<none>
Multiparts:		<none>
Body:
{
    "password": "PASSWORD",
    "username": "admin"
}
HTTP/1.1 401 Unauthorized
Date: Mon, 30 Mar 2026 02:23:14 GMT
Content-Type: application/json
Transfer-Encoding: chunked
Connection: keep-alive
Server: cloudflare
vary: rsc, next-router-state-tree, next-router-prefetch, next-router-segment-prefetch
x-railway-edge: railway/asia-southeast1-eqsg3a
x-railway-request-id: 04EtImPEQeaH10IXmrpb1w
x-railway-cdn-edge: fastly/cache-sin-wsap440080-SIN
x-cache: MISS
x-cache-hits: 0
x-served-by: cache-sin-wsap440080-SIN
cf-cache-status: DYNAMIC
Nel: {"report_to":"cf-nel","success_fraction":0.0,"max_age":604800}
Report-To: {"group":"cf-nel","max_age":604800,"endpoints":[{"url":"https://a.nel.cloudflare.com/report/v4?s=O6cyoJkk9N%2BCygz6eiZfGDNa9SeLjxfQu6P89ttZHHJoY2shMNUBIzLti9MaZLUmgGLr4R0ErxOGC3O22GICQefEIxVqYK6A4TcTJm1ZxuRwl21MmtTR%2FahEkELAi1OhXI%2BxRovds6Bf02i2xw%3D%3D"}]}
CF-RAY: 9e43a6b0a8c2ce02-SIN
alt-svc: h3=":443"; ma=86400

{
    "error": "Invalid credentials"
}
  When User authenticates as user with username "admin" and password "PASSWORD" # com.booking.stepDefinitions.LoginAPIStepDefinition.user_authenticates_as_user(java.lang.String,java.lang.String)
  Then API response status code should be 401                                   # com.booking.stepDefinitions.LoginAPIStepDefinition.API_response_status_code_should_be(int)
  And Response should indicate "Invalid credentials"                            # com.booking.stepDefinitions.LoginAPIStepDefinition.Response_should_indicate(java.lang.String)
  And Response should not contain authentication token                          # com.booking.stepDefinitions.LoginAPIStepDefinition.Response_should_not_contain_authentication_token()
]]></system-out>
  </testcase>
  <testcase name="runScenario[&quot;Access protected resources without valid authentication&quot;, &quot;Optional[Login to the Hotel Booking API -Shady Meadows B&amp;B API]&quot;](10)" classname="com.booking.runners.TestRunner" time="0.392">
    <system-out><![CDATA[
@Login @HotelBookingAPI @api @negative @authReg3
Scenario Outline: Access protected resources without valid authentication # src/test/resources/features/01_login.feature:51
Request method:	GET
Request URI:	https://automationintesting.online/api/report
Proxy:			<none>
Request params:	<none>
Query params:	<none>
Form params:	<none>
Path params:	<none>
Headers:		Accept=application/json, application/javascript, text/javascript, text/json
				Content-Type=application/json; charset=UTF-8
Cookies:		<none>
Multiparts:		<none>
Body:			<none>
HTTP/1.1 401 Unauthorized
Date: Mon, 30 Mar 2026 02:23:14 GMT
Content-Type: application/json
Transfer-Encoding: chunked
Connection: keep-alive
Server: cloudflare
vary: rsc, next-router-state-tree, next-router-prefetch, next-router-segment-prefetch
x-railway-edge: railway/asia-southeast1-eqsg3a
x-railway-request-id: 93ToDCjCQJastzyrmrpb1w
x-railway-cdn-edge: fastly/cache-sin-wsap440080-SIN
x-cache: MISS
x-cache-hits: 0
x-served-by: cache-sin-wsap440080-SIN
cf-cache-status: DYNAMIC
Nel: {"report_to":"cf-nel","success_fraction":0.0,"max_age":604800}
Report-To: {"group":"cf-nel","max_age":604800,"endpoints":[{"url":"https://a.nel.cloudflare.com/report/v4?s=GXVLFKm9DgJY%2F9cJBMtWbw%2BKTxVswnAH9ja%2FFGx5Enrb2rgUpyE10TNVZ2UuAmuJvxfWzHBaWWShWiPlm04zR2sSH1%2BqzdYA7Pz3sMr7XRMX%2F6ZkcTln%2FzpAcxbOHF6KSycGbYyYR4NnOPk3Kg%3D%3D"}]}
CF-RAY: 9e43a6b32d64ce31-SIN
alt-svc: h3=":443"; ma=86400

{
    "error": "Authentication required"
}
{"error":"Authentication required"}
  When User "requests booking report without authentication token"        # com.booking.stepDefinitions.LoginAPIStepDefinition.User(java.lang.String)
  Then API response status code should be 401                             # com.booking.stepDefinitions.LoginAPIStepDefinition.API_response_status_code_should_be(int)
  And Response should indicate "Authentication required"                  # com.booking.stepDefinitions.LoginAPIStepDefinition.Response_should_indicate(java.lang.String)
]]></system-out>
  </testcase>
  <testcase name="runScenario[&quot;Verify token expiration time is set correctly&quot;, &quot;Optional[Login to the Hotel Booking API -Shady Meadows B&amp;B API]&quot;](11)" classname="com.booking.runners.TestRunner" time="0.418">
    <system-out><![CDATA[
@Login @HotelBookingAPI @api @negative @authReg4
Scenario Outline: Verify token expiration time is set correctly                 # src/test/resources/features/01_login.feature:61
Request method:	POST
Request URI:	https://automationintesting.online/api/auth/login
Proxy:			<none>
Request params:	<none>
Query params:	<none>
Form params:	<none>
Path params:	<none>
Headers:		Accept=application/json, application/javascript, text/javascript, text/json
				Content-Type=application/json; charset=UTF-8
Cookies:		<none>
Multiparts:		<none>
Body:
{
    "password": "password",
    "username": "admin"
}
HTTP/1.1 200 OK
Date: Mon, 30 Mar 2026 02:23:14 GMT
Content-Type: application/json
Transfer-Encoding: chunked
Connection: keep-alive
Server: cloudflare
vary: rsc, next-router-state-tree, next-router-prefetch, next-router-segment-prefetch
x-railway-edge: railway/asia-southeast1-eqsg3a
x-railway-request-id: LnOh4de1TrS8f7KqacI7Nw
x-railway-cdn-edge: fastly/cache-sin-wsat1880028-SIN
x-cache: MISS
x-cache-hits: 0
x-served-by: cache-sin-wsat1880028-SIN
cf-cache-status: DYNAMIC
Nel: {"report_to":"cf-nel","success_fraction":0.0,"max_age":604800}
Report-To: {"group":"cf-nel","max_age":604800,"endpoints":[{"url":"https://a.nel.cloudflare.com/report/v4?s=OwfFV8t0BMCwPrSJfP2YUmHHv%2BXnnU5cfhmfLdcgu3Upp19FASC%2BFgdDxCWwqt4qmXKiD8a3SqNOWGilL5SpzMGICjKwNFPTO2oAI0HxwtiEs72zcyCo2K%2BQ94V5URZvi8%2FAKnprgmOM1kKnJg%3D%3D"}]}
Content-Encoding: gzip
CF-RAY: 9e43a6b58d876d3b-SIN
alt-svc: h3=":443"; ma=86400

{
    "token": "c9YzR7jIHKdrvp5d"
}
  When User authenticates as user with username "admin" and password "password" # com.booking.stepDefinitions.LoginAPIStepDefinition.user_authenticates_as_user(java.lang.String,java.lang.String)
  Then API response should contain token expiration time                        # com.booking.stepDefinitions.LoginAPIStepDefinition.API_response_should_contain_token_expiration_time()
  And Token expiration should be in the future                                  # com.booking.stepDefinitions.LoginAPIStepDefinition.Token_expiration_should_be_in_the_future()
]]></system-out>
  </testcase>
  <testcase name="runScenario[&quot;User authentication with valid credentials&quot;, &quot;Optional[Check Room Availability API]&quot;](12)" classname="com.booking.runners.TestRunner" time="0.4">
    <system-out><![CDATA[
@RoomManagement @checkRoomAvailability @HotelBookingAPI @Background
Scenario Outline: User authentication with valid credentials                    # src/test/resources/features/02_checkRoomAvailability.feature:21
Request method:	POST
Request URI:	https://automationintesting.online/api/auth/login
Proxy:			<none>
Request params:	<none>
Query params:	<none>
Form params:	<none>
Path params:	<none>
Headers:		Accept=application/json, application/javascript, text/javascript, text/json
				Content-Type=application/json; charset=UTF-8
Cookies:		<none>
Multiparts:		<none>
Body:
{
    "password": "password",
    "username": "admin"
}
HTTP/1.1 200 OK
Date: Mon, 30 Mar 2026 02:23:15 GMT
Content-Type: application/json
Transfer-Encoding: chunked
Connection: keep-alive
Server: cloudflare
vary: rsc, next-router-state-tree, next-router-prefetch, next-router-segment-prefetch
x-railway-edge: railway/asia-southeast1-eqsg3a
x-railway-request-id: Xd12Zk2qTM2M8KuEacI7Nw
x-railway-cdn-edge: fastly/cache-sin-wsap440080-SIN
x-cache: MISS
x-cache-hits: 0
x-served-by: cache-sin-wsap440080-SIN
cf-cache-status: DYNAMIC
Nel: {"report_to":"cf-nel","success_fraction":0.0,"max_age":604800}
Report-To: {"group":"cf-nel","max_age":604800,"endpoints":[{"url":"https://a.nel.cloudflare.com/report/v4?s=AVJN9rarmuGk%2FIasvLLri2wFiKwR4UbraxOZI8iA0OQKp9PMHBhb1VR8KCOnjboVN0scpNcZO8N599g9gEejovTkO4r0mszRHzqbPS4hU6HVdnkEU%2Fioqq%2BXNl1UwrXwOhyZeIUHuumD2jmHOg%3D%3D"}]}
Content-Encoding: gzip
CF-RAY: 9e43a6b83bbcce52-SIN
alt-svc: h3=":443"; ma=86400

{
    "token": "RoknjyB4cdy24b5d"
}
  When User authenticates as user with username "admin" and password "password" # com.booking.stepDefinitions.LoginAPIStepDefinition.user_authenticates_as_user(java.lang.String,java.lang.String)
  Then API response status code should be 200                                   # com.booking.stepDefinitions.LoginAPIStepDefinition.API_response_status_code_should_be(int)
Authentication Token: RoknjyB4cdy24b5d
Authentication Token: RoknjyB4cdy24b5d
Authentication Token: RoknjyB4cdy24b5d
Response Status Code: 200
  And Response should contain a valid authentication token                      # com.booking.stepDefinitions.LoginAPIStepDefinition.Response_should_contain_a_valid_authentication_token()
]]></system-out>
  </testcase>
  <testcase name="runScenario[&quot;Check room availability for specific dates&quot;, &quot;Optional[Check Room Availability API]&quot;](13)" classname="com.booking.runners.TestRunner" time="1.362">
    <system-out><![CDATA[
@RoomManagement @checkRoomAvailability @HotelBookingAPI @api @regression @positive @RM_4
Scenario Outline: Check room availability for specific dates                                        # src/test/resources/features/02_checkRoomAvailability.feature:34
Request method:	GET
Request URI:	https://automationintesting.online/api/room?checkin=2026-07-17&checkout=2026-07-18
Proxy:			<none>
Request params:	<none>
Query params:	checkin=2026-07-17
				checkout=2026-07-18
Form params:	<none>
Path params:	<none>
Headers:		Accept=application/json, application/javascript, text/javascript, text/json
				Content-Type=application/json; charset=UTF-8
Cookies:		<none>
Multiparts:		<none>
Body:			<none>
HTTP/1.1 200 OK
Date: Mon, 30 Mar 2026 02:23:16 GMT
Content-Type: application/json
Transfer-Encoding: chunked
Connection: keep-alive
Server: cloudflare
vary: rsc, next-router-state-tree, next-router-prefetch, next-router-segment-prefetch
x-railway-edge: railway/asia-southeast1-eqsg3a
x-railway-request-id: -0Y79Wk0SAKzAEocDcO5xA
x-railway-cdn-edge: fastly/cache-sin-wsat1880077-SIN
x-cache: MISS
x-cache-hits: 0
x-served-by: cache-sin-wsat1880077-SIN
cf-cache-status: DYNAMIC
Nel: {"report_to":"cf-nel","success_fraction":0.0,"max_age":604800}
Report-To: {"group":"cf-nel","max_age":604800,"endpoints":[{"url":"https://a.nel.cloudflare.com/report/v4?s=a0HbJXNJvhSeWKjUY1%2B%2FWudyjzTmpeSo5csEA9Go0LxG1OxFuwq%2BfRE9xpxQS0LNuFaI5gT5ypi%2FJfWqZVGF2kgk4ZfHc7enRqTpQW%2BnMFpVu0WSunAMTnGjTBKUEAXt%2BsagqxzpM0fBrSstNQ%3D%3D"}]}
Content-Encoding: gzip
CF-RAY: 9e43a6baad10fdae-SIN
alt-svc: h3=":443"; ma=86400

{
    "rooms": [
        {
            "roomid": 1,
            "roomName": "101",
            "type": "Single",
            "accessible": true,
            "image": "/images/room1.jpg",
            "description": "Aenean porttitor mauris sit amet lacinia molestie. In posuere accumsan aliquet. Maecenas sit amet nisl massa. Interdum et malesuada fames ac ante.",
            "features": [
                "TV",
                "WiFi",
                "Safe"
            ],
            "roomPrice": 100
        },
        {
            "roomid": 2,
            "roomName": "102",
            "type": "Double",
            "accessible": true,
            "image": "/images/room2.jpg",
            "description": "Vestibulum sollicitudin, lectus ac mollis consequat, lorem orci ultrices tellus, eleifend euismod tortor dui egestas erat. Phasellus et ipsum nisl. ",
            "features": [
                "TV",
                "Radio",
                "Safe"
            ],
            "roomPrice": 150
        },
        {
            "roomid": 3,
            "roomName": "103",
            "type": "Suite",
            "accessible": true,
            "image": "/images/room3.jpg",
            "description": "Etiam metus metus, fringilla ac sagittis id, consequat vel neque. Nunc commodo quis nisl nec posuere. Etiam at accumsan ex. ",
            "features": [
                "Radio",
                "WiFi",
                "Safe"
            ],
            "roomPrice": 225
        }
    ]
}
  When User requests to check room availability with checkin "2026-07-17" and checkout "2026-07-18" # com.booking.stepDefinitions.RoomManagementAPI.User_requests_to_check_room_availability_with_checkin_and_checkout(java.lang.String,java.lang.String)
  Then API response status code of RM should be 200                                                 # com.booking.stepDefinitions.RoomManagementAPI.API_response_status_code_should_be(int)
  And Response should contain available rooms                                                       # com.booking.stepDefinitions.RoomManagementAPI.Response_should_contain_available_rooms()
  And Available rooms list should not be empty                                                      # com.booking.stepDefinitions.RoomManagementAPI.Available_rooms_list_should_not_be_empty()
]]></system-out>
  </testcase>
  <testcase name="runScenario[&quot;Check room availability for specific dates&quot;, &quot;Optional[Check Room Availability API]&quot;](14)" classname="com.booking.runners.TestRunner" time="0.622">
    <system-out><![CDATA[
@RoomManagement @checkRoomAvailability @HotelBookingAPI @api @regression @positive @RM_4
Scenario Outline: Check room availability for specific dates                                        # src/test/resources/features/02_checkRoomAvailability.feature:35
Request method:	GET
Request URI:	https://automationintesting.online/api/room?checkin=2026-07-20&checkout=2026-07-21
Proxy:			<none>
Request params:	<none>
Query params:	checkin=2026-07-20
				checkout=2026-07-21
Form params:	<none>
Path params:	<none>
Headers:		Accept=application/json, application/javascript, text/javascript, text/json
				Content-Type=application/json; charset=UTF-8
Cookies:		<none>
Multiparts:		<none>
Body:			<none>
HTTP/1.1 200 OK
Date: Mon, 30 Mar 2026 02:23:17 GMT
Content-Type: application/json
Transfer-Encoding: chunked
Connection: keep-alive
Server: cloudflare
vary: rsc, next-router-state-tree, next-router-prefetch, next-router-segment-prefetch
x-railway-edge: railway/asia-southeast1-eqsg3a
x-railway-request-id: AGmiP1CdT1OTJjJOacI7Nw
x-railway-cdn-edge: fastly/cache-sin-wsap440097-SIN
x-cache: MISS
x-cache-hits: 0
x-served-by: cache-sin-wsap440097-SIN
cf-cache-status: DYNAMIC
Nel: {"report_to":"cf-nel","success_fraction":0.0,"max_age":604800}
Report-To: {"group":"cf-nel","max_age":604800,"endpoints":[{"url":"https://a.nel.cloudflare.com/report/v4?s=tIJxwD7rxH3oxje0kb1zvZZp9ZT6%2FJzBMaznT4nLvvi2ce7RXCCKjGgs2nlx1ZtauAluQoeZARYzY6UQLMIDh6q%2BXE8eS9rAUnyPvkx0HRTGORB34zgLvJw%2BwUumYJUn%2Ba0l1GTYoIBrqAq%2F8A%3D%3D"}]}
Content-Encoding: gzip
CF-RAY: 9e43a6c2dbef411c-SIN
alt-svc: h3=":443"; ma=86400

{
    "rooms": [
        {
            "roomid": 1,
            "roomName": "101",
            "type": "Single",
            "accessible": true,
            "image": "/images/room1.jpg",
            "description": "Aenean porttitor mauris sit amet lacinia molestie. In posuere accumsan aliquet. Maecenas sit amet nisl massa. Interdum et malesuada fames ac ante.",
            "features": [
                "TV",
                "WiFi",
                "Safe"
            ],
            "roomPrice": 100
        },
        {
            "roomid": 2,
            "roomName": "102",
            "type": "Double",
            "accessible": true,
            "image": "/images/room2.jpg",
            "description": "Vestibulum sollicitudin, lectus ac mollis consequat, lorem orci ultrices tellus, eleifend euismod tortor dui egestas erat. Phasellus et ipsum nisl. ",
            "features": [
                "TV",
                "Radio",
                "Safe"
            ],
            "roomPrice": 150
        },
        {
            "roomid": 3,
            "roomName": "103",
            "type": "Suite",
            "accessible": true,
            "image": "/images/room3.jpg",
            "description": "Etiam metus metus, fringilla ac sagittis id, consequat vel neque. Nunc commodo quis nisl nec posuere. Etiam at accumsan ex. ",
            "features": [
                "Radio",
                "WiFi",
                "Safe"
            ],
            "roomPrice": 225
        }
    ]
}
  When User requests to check room availability with checkin "2026-07-20" and checkout "2026-07-21" # com.booking.stepDefinitions.RoomManagementAPI.User_requests_to_check_room_availability_with_checkin_and_checkout(java.lang.String,java.lang.String)
  Then API response status code of RM should be 200                                                 # com.booking.stepDefinitions.RoomManagementAPI.API_response_status_code_should_be(int)
  And Response should contain available rooms                                                       # com.booking.stepDefinitions.RoomManagementAPI.Response_should_contain_available_rooms()
  And Available rooms list should not be empty                                                      # com.booking.stepDefinitions.RoomManagementAPI.Available_rooms_list_should_not_be_empty()
]]></system-out>
  </testcase>
  <testcase name="runScenario[&quot;Check room availability for specific dates&quot;, &quot;Optional[Check Room Availability API]&quot;](15)" classname="com.booking.runners.TestRunner" time="0.576">
    <system-out><![CDATA[
@RoomManagement @checkRoomAvailability @HotelBookingAPI @api @regression @positive @RM_4
Scenario Outline: Check room availability for specific dates                                        # src/test/resources/features/02_checkRoomAvailability.feature:36
Request method:	GET
Request URI:	https://automationintesting.online/api/room?checkin=2026-12-15&checkout=2026-12-20
Proxy:			<none>
Request params:	<none>
Query params:	checkin=2026-12-15
				checkout=2026-12-20
Form params:	<none>
Path params:	<none>
Headers:		Accept=application/json, application/javascript, text/javascript, text/json
				Content-Type=application/json; charset=UTF-8
Cookies:		<none>
Multiparts:		<none>
Body:			<none>
HTTP/1.1 200 OK
Date: Mon, 30 Mar 2026 02:23:17 GMT
Content-Type: application/json
Transfer-Encoding: chunked
Connection: keep-alive
Server: cloudflare
vary: rsc, next-router-state-tree, next-router-prefetch, next-router-segment-prefetch
x-railway-edge: railway/asia-southeast1-eqsg3a
x-railway-request-id: 3OkRPRIvR5m5d8YyipRofQ
x-railway-cdn-edge: fastly/cache-sin-wsap440058-SIN
x-cache: MISS
x-cache-hits: 0
x-served-by: cache-sin-wsap440058-SIN
cf-cache-status: DYNAMIC
Nel: {"report_to":"cf-nel","success_fraction":0.0,"max_age":604800}
Report-To: {"group":"cf-nel","max_age":604800,"endpoints":[{"url":"https://a.nel.cloudflare.com/report/v4?s=CXnFtwYSh0Qe4iMp0EFdD10%2Bds87G4RYgzbx37w31D7D5YBklBu1OkiheiYLIjslsGoDUR4wPXmTi%2BXHNXDli2Hy5vjeAcvGvb6OOfTjxjyk0WsPu5rgL%2B8K3m%2BlituJ%2FJc0nC0NnAf7YpJ45w%3D%3D"}]}
Content-Encoding: gzip
CF-RAY: 9e43a6c72fa849d1-SIN
alt-svc: h3=":443"; ma=86400

{
    "rooms": [
        {
            "roomid": 1,
            "roomName": "101",
            "type": "Single",
            "accessible": true,
            "image": "/images/room1.jpg",
            "description": "Aenean porttitor mauris sit amet lacinia molestie. In posuere accumsan aliquet. Maecenas sit amet nisl massa. Interdum et malesuada fames ac ante.",
            "features": [
                "TV",
                "WiFi",
                "Safe"
            ],
            "roomPrice": 100
        },
        {
            "roomid": 2,
            "roomName": "102",
            "type": "Double",
            "accessible": true,
            "image": "/images/room2.jpg",
            "description": "Vestibulum sollicitudin, lectus ac mollis consequat, lorem orci ultrices tellus, eleifend euismod tortor dui egestas erat. Phasellus et ipsum nisl. ",
            "features": [
                "TV",
                "Radio",
                "Safe"
            ],
            "roomPrice": 150
        },
        {
            "roomid": 3,
            "roomName": "103",
            "type": "Suite",
            "accessible": true,
            "image": "/images/room3.jpg",
            "description": "Etiam metus metus, fringilla ac sagittis id, consequat vel neque. Nunc commodo quis nisl nec posuere. Etiam at accumsan ex. ",
            "features": [
                "Radio",
                "WiFi",
                "Safe"
            ],
            "roomPrice": 225
        }
    ]
}
  When User requests to check room availability with checkin "2026-12-15" and checkout "2026-12-20" # com.booking.stepDefinitions.RoomManagementAPI.User_requests_to_check_room_availability_with_checkin_and_checkout(java.lang.String,java.lang.String)
  Then API response status code of RM should be 200                                                 # com.booking.stepDefinitions.RoomManagementAPI.API_response_status_code_should_be(int)
  And Response should contain available rooms                                                       # com.booking.stepDefinitions.RoomManagementAPI.Response_should_contain_available_rooms()
  And Available rooms list should not be empty                                                      # com.booking.stepDefinitions.RoomManagementAPI.Available_rooms_list_should_not_be_empty()
]]></system-out>
  </testcase>
  <testcase name="runScenario[&quot;Check room availability for specific dates&quot;, &quot;Optional[Check Room Availability API]&quot;](16)" classname="com.booking.runners.TestRunner" time="0.333">
    <system-out><![CDATA[
@RoomManagement @checkRoomAvailability @HotelBookingAPI @api @regression @positive @RM_4
Scenario Outline: Check room availability for specific dates                                        # src/test/resources/features/02_checkRoomAvailability.feature:37
Request method:	GET
Request URI:	https://automationintesting.online/api/room?checkin=2026-07-01&checkout=2026-08-05
Proxy:			<none>
Request params:	<none>
Query params:	checkin=2026-07-01
				checkout=2026-08-05
Form params:	<none>
Path params:	<none>
Headers:		Accept=application/json, application/javascript, text/javascript, text/json
				Content-Type=application/json; charset=UTF-8
Cookies:		<none>
Multiparts:		<none>
Body:			<none>
HTTP/1.1 200 OK
Date: Mon, 30 Mar 2026 02:23:18 GMT
Content-Type: application/json
Transfer-Encoding: chunked
Connection: keep-alive
Server: cloudflare
vary: rsc, next-router-state-tree, next-router-prefetch, next-router-segment-prefetch
x-railway-edge: railway/asia-southeast1-eqsg3a
x-railway-request-id: RI20XKafS1iLHqafacI7Nw
x-railway-cdn-edge: fastly/cache-sin-wsat1880028-SIN
x-cache: MISS
x-cache-hits: 0
x-served-by: cache-sin-wsat1880028-SIN
cf-cache-status: DYNAMIC
Nel: {"report_to":"cf-nel","success_fraction":0.0,"max_age":604800}
Report-To: {"group":"cf-nel","max_age":604800,"endpoints":[{"url":"https://a.nel.cloudflare.com/report/v4?s=ilrTsBU4QDNspo2uWuqu87rleJZs9YcHjdu2Udbx2qh1bLiYop2BTs%2FFBZv7Dy4p97xnbCUwLjvwULNmV6JdNS3GeEtQV2u3Ukva6ZK0gMDSi96RtYufIdvJUIHzPRHiqTLoda%2FOXBCXuQYHjg%3D%3D"}]}
Content-Encoding: gzip
CF-RAY: 9e43a6ca6bc0fc0c-SIN
alt-svc: h3=":443"; ma=86400

{
    "rooms": [
        {
            "roomid": 1,
            "roomName": "101",
            "type": "Single",
            "accessible": true,
            "image": "/images/room1.jpg",
            "description": "Aenean porttitor mauris sit amet lacinia molestie. In posuere accumsan aliquet. Maecenas sit amet nisl massa. Interdum et malesuada fames ac ante.",
            "features": [
                "TV",
                "WiFi",
                "Safe"
            ],
            "roomPrice": 100
        },
        {
            "roomid": 2,
            "roomName": "102",
            "type": "Double",
            "accessible": true,
            "image": "/images/room2.jpg",
            "description": "Vestibulum sollicitudin, lectus ac mollis consequat, lorem orci ultrices tellus, eleifend euismod tortor dui egestas erat. Phasellus et ipsum nisl. ",
            "features": [
                "TV",
                "Radio",
                "Safe"
            ],
            "roomPrice": 150
        },
        {
            "roomid": 3,
            "roomName": "103",
            "type": "Suite",
            "accessible": true,
            "image": "/images/room3.jpg",
            "description": "Etiam metus metus, fringilla ac sagittis id, consequat vel neque. Nunc commodo quis nisl nec posuere. Etiam at accumsan ex. ",
            "features": [
                "Radio",
                "WiFi",
                "Safe"
            ],
            "roomPrice": 225
        }
    ]
}
  When User requests to check room availability with checkin "2026-07-01" and checkout "2026-08-05" # com.booking.stepDefinitions.RoomManagementAPI.User_requests_to_check_room_availability_with_checkin_and_checkout(java.lang.String,java.lang.String)
  Then API response status code of RM should be 200                                                 # com.booking.stepDefinitions.RoomManagementAPI.API_response_status_code_should_be(int)
  And Response should contain available rooms                                                       # com.booking.stepDefinitions.RoomManagementAPI.Response_should_contain_available_rooms()
  And Available rooms list should not be empty                                                      # com.booking.stepDefinitions.RoomManagementAPI.Available_rooms_list_should_not_be_empty()
]]></system-out>
  </testcase>
  <testcase name="runScenario[&quot;Check room availability for specific dates&quot;, &quot;Optional[Check Room Availability API]&quot;](17)" classname="com.booking.runners.TestRunner" time="0.484">
    <system-out><![CDATA[
@RoomManagement @checkRoomAvailability @HotelBookingAPI @api @regression @positive @RM_4
Scenario Outline: Check room availability for specific dates                                        # src/test/resources/features/02_checkRoomAvailability.feature:38
Request method:	GET
Request URI:	https://automationintesting.online/api/room?checkin=2026-07-17&checkout=2026-07-17
Proxy:			<none>
Request params:	<none>
Query params:	checkin=2026-07-17
				checkout=2026-07-17
Form params:	<none>
Path params:	<none>
Headers:		Accept=application/json, application/javascript, text/javascript, text/json
				Content-Type=application/json; charset=UTF-8
Cookies:		<none>
Multiparts:		<none>
Body:			<none>
HTTP/1.1 200 OK
Date: Mon, 30 Mar 2026 02:23:18 GMT
Content-Type: application/json
Transfer-Encoding: chunked
Connection: keep-alive
Server: cloudflare
vary: rsc, next-router-state-tree, next-router-prefetch, next-router-segment-prefetch
x-railway-edge: railway/asia-southeast1-eqsg3a
x-railway-request-id: L8hzE69gR-KctCO7AQeqjw
x-railway-cdn-edge: fastly/cache-sin-wsap440058-SIN
x-cache: MISS
x-cache-hits: 0
x-served-by: cache-sin-wsap440058-SIN
cf-cache-status: DYNAMIC
Nel: {"report_to":"cf-nel","success_fraction":0.0,"max_age":604800}
Report-To: {"group":"cf-nel","max_age":604800,"endpoints":[{"url":"https://a.nel.cloudflare.com/report/v4?s=cFkjBK4LL1nKLB3MicadTnEuuDtmn15mkcVV%2Bng8N3DT6y4Xw3Q6%2B69WPou%2Fz0yt72E7ju7lRLsyFdlpN874b59YZh0AeAlJx9gw9xvtIdn3OQko3uDSdBV5Ye%2FtfEWNf2DLGlfHNmltAX8A0w%3D%3D"}]}
Content-Encoding: gzip
CF-RAY: 9e43a6cc6d5a6035-SIN
alt-svc: h3=":443"; ma=86400

{
    "rooms": [
        {
            "roomid": 1,
            "roomName": "101",
            "type": "Single",
            "accessible": true,
            "image": "/images/room1.jpg",
            "description": "Aenean porttitor mauris sit amet lacinia molestie. In posuere accumsan aliquet. Maecenas sit amet nisl massa. Interdum et malesuada fames ac ante.",
            "features": [
                "TV",
                "WiFi",
                "Safe"
            ],
            "roomPrice": 100
        },
        {
            "roomid": 2,
            "roomName": "102",
            "type": "Double",
            "accessible": true,
            "image": "/images/room2.jpg",
            "description": "Vestibulum sollicitudin, lectus ac mollis consequat, lorem orci ultrices tellus, eleifend euismod tortor dui egestas erat. Phasellus et ipsum nisl. ",
            "features": [
                "TV",
                "Radio",
                "Safe"
            ],
            "roomPrice": 150
        },
        {
            "roomid": 3,
            "roomName": "103",
            "type": "Suite",
            "accessible": true,
            "image": "/images/room3.jpg",
            "description": "Etiam metus metus, fringilla ac sagittis id, consequat vel neque. Nunc commodo quis nisl nec posuere. Etiam at accumsan ex. ",
            "features": [
                "Radio",
                "WiFi",
                "Safe"
            ],
            "roomPrice": 225
        }
    ]
}
  When User requests to check room availability with checkin "2026-07-17" and checkout "2026-07-17" # com.booking.stepDefinitions.RoomManagementAPI.User_requests_to_check_room_availability_with_checkin_and_checkout(java.lang.String,java.lang.String)
  Then API response status code of RM should be 200                                                 # com.booking.stepDefinitions.RoomManagementAPI.API_response_status_code_should_be(int)
  And Response should contain available rooms                                                       # com.booking.stepDefinitions.RoomManagementAPI.Response_should_contain_available_rooms()
  And Available rooms list should not be empty                                                      # com.booking.stepDefinitions.RoomManagementAPI.Available_rooms_list_should_not_be_empty()
]]></system-out>
  </testcase>
  <testcase name="runScenario[&quot;Check room availability with invalid date formats and ranges&quot;, &quot;Optional[Check Room Availability API]&quot;](18)" classname="com.booking.runners.TestRunner" time="0.539">
    <failure message="Response status code mismatch. Expected: 400 Actual: 200 Body: {&quot;rooms&quot;:[{&quot;roomid&quot;:1,&quot;roomName&quot;:&quot;101&quot;,&quot;type&quot;:&quot;Single&quot;,&quot;accessible&quot;:true,&quot;image&quot;:&quot;/images/room1.jpg&quot;,&quot;description&quot;:&quot;Aenean porttitor mauris sit amet lacinia molestie. In posuere accumsan aliquet. Maecenas sit amet nisl massa. Interdum et malesuada fames ac ante.&quot;,&quot;features&quot;:[&quot;TV&quot;,&quot;WiFi&quot;,&quot;Safe&quot;],&quot;roomPrice&quot;:100},{&quot;roomid&quot;:2,&quot;roomName&quot;:&quot;102&quot;,&quot;type&quot;:&quot;Double&quot;,&quot;accessible&quot;:true,&quot;image&quot;:&quot;/images/room2.jpg&quot;,&quot;description&quot;:&quot;Vestibulum sollicitudin, lectus ac mollis consequat, lorem orci ultrices tellus, eleifend euismod tortor dui egestas erat. Phasellus et ipsum nisl. &quot;,&quot;features&quot;:[&quot;TV&quot;,&quot;Radio&quot;,&quot;Safe&quot;],&quot;roomPrice&quot;:150},{&quot;roomid&quot;:3,&quot;roomName&quot;:&quot;103&quot;,&quot;type&quot;:&quot;Suite&quot;,&quot;accessible&quot;:true,&quot;image&quot;:&quot;/images/room3.jpg&quot;,&quot;description&quot;:&quot;Etiam metus metus, fringilla ac sagittis id, consequat vel neque. Nunc commodo quis nisl nec posuere. Etiam at accumsan ex. &quot;,&quot;features&quot;:[&quot;Radio&quot;,&quot;WiFi&quot;,&quot;Safe&quot;],&quot;roomPrice&quot;:225}]} expected [400] but found [200]" type="java.lang.AssertionError"><![CDATA[java.lang.AssertionError: Response status code mismatch. Expected: 400 Actual: 200 Body: {"rooms":[{"roomid":1,"roomName":"101","type":"Single","accessible":true,"image":"/images/room1.jpg","description":"Aenean porttitor mauris sit amet lacinia molestie. In posuere accumsan aliquet. Maecenas sit amet nisl massa. Interdum et malesuada fames ac ante.","features":["TV","WiFi","Safe"],"roomPrice":100},{"roomid":2,"roomName":"102","type":"Double","accessible":true,"image":"/images/room2.jpg","description":"Vestibulum sollicitudin, lectus ac mollis consequat, lorem orci ultrices tellus, eleifend euismod tortor dui egestas erat. Phasellus et ipsum nisl. ","features":["TV","Radio","Safe"],"roomPrice":150},{"roomid":3,"roomName":"103","type":"Suite","accessible":true,"image":"/images/room3.jpg","description":"Etiam metus metus, fringilla ac sagittis id, consequat vel neque. Nunc commodo quis nisl nec posuere. Etiam at accumsan ex. ","features":["Radio","WiFi","Safe"],"roomPrice":225}]} expected [400] but found [200]
	at org.testng.Assert.fail(Assert.java:99)
	at org.testng.Assert.failNotEquals(Assert.java:1037)
	at org.testng.Assert.assertEqualsImpl(Assert.java:140)
	at org.testng.Assert.assertEquals(Assert.java:122)
	at org.testng.Assert.assertEquals(Assert.java:907)
	at com.booking.stepDefinitions.RoomManagementAPI.API_response_status_code_should_be(RoomManagementAPI.java:90)
	at ✽.API response status code of RM should be 400(file:///D:/Joshiba/Kata_Cucumber_Project/api_hotel_booking/src/test/resources/features/02_checkRoomAvailability.feature:46)
]]></failure>
    <system-out><![CDATA[
@RoomManagement @checkRoomAvailability @HotelBookingAPI @api @negative @regression @RM_5
Scenario Outline: Check room availability with invalid date formats and ranges                      # src/test/resources/features/02_checkRoomAvailability.feature:50
Request method:	GET
Request URI:	https://automationintesting.online/api/room?checkin=2025-07-25&checkout=2025-07-20
Proxy:			<none>
Request params:	<none>
Query params:	checkin=2025-07-25
				checkout=2025-07-20
Form params:	<none>
Path params:	<none>
Headers:		Accept=application/json, application/javascript, text/javascript, text/json
				Content-Type=application/json; charset=UTF-8
Cookies:		<none>
Multiparts:		<none>
Body:			<none>
HTTP/1.1 200 OK
Date: Mon, 30 Mar 2026 02:23:19 GMT
Content-Type: application/json
Transfer-Encoding: chunked
Connection: keep-alive
Server: cloudflare
vary: rsc, next-router-state-tree, next-router-prefetch, next-router-segment-prefetch
x-railway-edge: railway/asia-southeast1-eqsg3a
x-railway-request-id: GYkcz7ICR8myBsVq0ubPiw
x-railway-cdn-edge: fastly/cache-sin-wsap440084-SIN
x-cache: MISS
x-cache-hits: 0
x-served-by: cache-sin-wsap440084-SIN
cf-cache-status: DYNAMIC
Nel: {"report_to":"cf-nel","success_fraction":0.0,"max_age":604800}
Report-To: {"group":"cf-nel","max_age":604800,"endpoints":[{"url":"https://a.nel.cloudflare.com/report/v4?s=h2n%2BULM7QrwakOMrtwbriPfHSeQYcstC%2FpjkmmA3hDNTbKPIFUIJYNv9CQQM5wEZN%2Fmpnguf1Fk1230amco3M1yc6HEVVS2Ve6cTZfV4%2F3EJigd8cCqzPq7rbN6i17NZiOEUKSKgVCYjSYd%2B8A%3D%3D"}]}
Content-Encoding: gzip
CF-RAY: 9e43a6cfbf19fce7-SIN
alt-svc: h3=":443"; ma=86400

{
    "rooms": [
        {
            "roomid": 1,
            "roomName": "101",
            "type": "Single",
            "accessible": true,
            "image": "/images/room1.jpg",
            "description": "Aenean porttitor mauris sit amet lacinia molestie. In posuere accumsan aliquet. Maecenas sit amet nisl massa. Interdum et malesuada fames ac ante.",
            "features": [
                "TV",
                "WiFi",
                "Safe"
            ],
            "roomPrice": 100
        },
        {
            "roomid": 2,
            "roomName": "102",
            "type": "Double",
            "accessible": true,
            "image": "/images/room2.jpg",
            "description": "Vestibulum sollicitudin, lectus ac mollis consequat, lorem orci ultrices tellus, eleifend euismod tortor dui egestas erat. Phasellus et ipsum nisl. ",
            "features": [
                "TV",
                "Radio",
                "Safe"
            ],
            "roomPrice": 150
        },
        {
            "roomid": 3,
            "roomName": "103",
            "type": "Suite",
            "accessible": true,
            "image": "/images/room3.jpg",
            "description": "Etiam metus metus, fringilla ac sagittis id, consequat vel neque. Nunc commodo quis nisl nec posuere. Etiam at accumsan ex. ",
            "features": [
                "Radio",
                "WiFi",
                "Safe"
            ],
            "roomPrice": 225
        }
    ]
}
  When User requests to check room availability with checkin "2025-07-25" and checkout "2025-07-20" # com.booking.stepDefinitions.RoomManagementAPI.User_requests_to_check_room_availability_with_checkin_and_checkout(java.lang.String,java.lang.String)
  Then API response status code of RM should be 400                                                 # com.booking.stepDefinitions.RoomManagementAPI.API_response_status_code_should_be(int)
      java.lang.AssertionError: Response status code mismatch. Expected: 400 Actual: 200 Body: {"rooms":[{"roomid":1,"roomName":"101","type":"Single","accessible":true,"image":"/images/room1.jpg","description":"Aenean porttitor mauris sit amet lacinia molestie. In posuere accumsan aliquet. Maecenas sit amet nisl massa. Interdum et malesuada fames ac ante.","features":["TV","WiFi","Safe"],"roomPrice":100},{"roomid":2,"roomName":"102","type":"Double","accessible":true,"image":"/images/room2.jpg","description":"Vestibulum sollicitudin, lectus ac mollis consequat, lorem orci ultrices tellus, eleifend euismod tortor dui egestas erat. Phasellus et ipsum nisl. ","features":["TV","Radio","Safe"],"roomPrice":150},{"roomid":3,"roomName":"103","type":"Suite","accessible":true,"image":"/images/room3.jpg","description":"Etiam metus metus, fringilla ac sagittis id, consequat vel neque. Nunc commodo quis nisl nec posuere. Etiam at accumsan ex. ","features":["Radio","WiFi","Safe"],"roomPrice":225}]} expected [400] but found [200]
	at org.testng.Assert.fail(Assert.java:99)
	at org.testng.Assert.failNotEquals(Assert.java:1037)
	at org.testng.Assert.assertEqualsImpl(Assert.java:140)
	at org.testng.Assert.assertEquals(Assert.java:122)
	at org.testng.Assert.assertEquals(Assert.java:907)
	at com.booking.stepDefinitions.RoomManagementAPI.API_response_status_code_should_be(RoomManagementAPI.java:90)
	at ✽.API response status code of RM should be 400(file:///D:/Joshiba/Kata_Cucumber_Project/api_hotel_booking/src/test/resources/features/02_checkRoomAvailability.feature:46)

]]></system-out>
  </testcase>
  <testcase name="runScenario[&quot;Check room availability with invalid date formats and ranges&quot;, &quot;Optional[Check Room Availability API]&quot;](19)" classname="com.booking.runners.TestRunner" time="32.579">
    <failure message="Response status code mismatch. Expected: 503 Actual: 500 Body: [] expected [503] but found [500]" type="java.lang.AssertionError"><![CDATA[java.lang.AssertionError: Response status code mismatch. Expected: 503 Actual: 500 Body: [] expected [503] but found [500]
	at org.testng.Assert.fail(Assert.java:99)
	at org.testng.Assert.failNotEquals(Assert.java:1037)
	at org.testng.Assert.assertEqualsImpl(Assert.java:140)
	at org.testng.Assert.assertEquals(Assert.java:122)
	at org.testng.Assert.assertEquals(Assert.java:907)
	at com.booking.stepDefinitions.RoomManagementAPI.API_response_status_code_should_be(RoomManagementAPI.java:90)
	at ✽.API response status code of RM should be 503(file:///D:/Joshiba/Kata_Cucumber_Project/api_hotel_booking/src/test/resources/features/02_checkRoomAvailability.feature:46)
]]></failure>
    <system-out><![CDATA[
@RoomManagement @checkRoomAvailability @HotelBookingAPI @api @negative @regression @RM_5
Scenario Outline: Check room availability with invalid date formats and ranges                        # src/test/resources/features/02_checkRoomAvailability.feature:51
Request method:	GET
Request URI:	https://automationintesting.online/api/room?checkin=invalid-date&checkout=2025-07-21
Proxy:			<none>
Request params:	<none>
Query params:	checkin=invalid-date
				checkout=2025-07-21
Form params:	<none>
Path params:	<none>
Headers:		Accept=application/json, application/javascript, text/javascript, text/json
				Content-Type=application/json; charset=UTF-8
Cookies:		<none>
Multiparts:		<none>
Body:			<none>
HTTP/1.1 500 Internal Server Error
Date: Mon, 30 Mar 2026 02:23:51 GMT
Content-Type: application/json
Transfer-Encoding: chunked
Connection: keep-alive
Server: cloudflare
vary: rsc, next-router-state-tree, next-router-prefetch, next-router-segment-prefetch
x-railway-edge: railway/asia-southeast1-eqsg3a
x-railway-request-id: itlqrzXeQ8SkFMFRipRofQ
x-railway-cdn-edge: fastly/cache-sin-wsat1880035-SIN
x-cache: MISS
x-cache-hits: 0
x-served-by: cache-sin-wsat1880035-SIN
cf-cache-status: DYNAMIC
Nel: {"report_to":"cf-nel","success_fraction":0.0,"max_age":604800}
Report-To: {"group":"cf-nel","max_age":604800,"endpoints":[{"url":"https://a.nel.cloudflare.com/report/v4?s=ysRhu%2FkVrGT6v9bdTq436onTKrVyjWjIsyIsuT8Seo5XtREkDcxSPuQvlv8rEzzqBTSyP%2Fu2kNn6sql5tYfJ5P7sCOES6ssFpYzaEohwgDxOEhc3cYDHiS8iitVAah6jIHxtkC1V2Q0YUhanVg%3D%3D"}]}
CF-RAY: 9e43a6d2e9445f40-SIN
alt-svc: h3=":443"; ma=86400

[
    
]
  When User requests to check room availability with checkin "invalid-date" and checkout "2025-07-21" # com.booking.stepDefinitions.RoomManagementAPI.User_requests_to_check_room_availability_with_checkin_and_checkout(java.lang.String,java.lang.String)
  Then API response status code of RM should be 503                                                   # com.booking.stepDefinitions.RoomManagementAPI.API_response_status_code_should_be(int)
      java.lang.AssertionError: Response status code mismatch. Expected: 503 Actual: 500 Body: [] expected [503] but found [500]
	at org.testng.Assert.fail(Assert.java:99)
	at org.testng.Assert.failNotEquals(Assert.java:1037)
	at org.testng.Assert.assertEqualsImpl(Assert.java:140)
	at org.testng.Assert.assertEquals(Assert.java:122)
	at org.testng.Assert.assertEquals(Assert.java:907)
	at com.booking.stepDefinitions.RoomManagementAPI.API_response_status_code_should_be(RoomManagementAPI.java:90)
	at ✽.API response status code of RM should be 503(file:///D:/Joshiba/Kata_Cucumber_Project/api_hotel_booking/src/test/resources/features/02_checkRoomAvailability.feature:46)

]]></system-out>
  </testcase>
  <testcase name="runScenario[&quot;Check room availability with invalid date formats and ranges&quot;, &quot;Optional[Check Room Availability API]&quot;](20)" classname="com.booking.runners.TestRunner" time="0.964">
    <failure message="Response status code mismatch. Expected: 400 Actual: 200 Body: {&quot;rooms&quot;:[{&quot;roomid&quot;:1,&quot;roomName&quot;:&quot;101&quot;,&quot;type&quot;:&quot;Single&quot;,&quot;accessible&quot;:true,&quot;image&quot;:&quot;/images/room1.jpg&quot;,&quot;description&quot;:&quot;Aenean porttitor mauris sit amet lacinia molestie. In posuere accumsan aliquet. Maecenas sit amet nisl massa. Interdum et malesuada fames ac ante.&quot;,&quot;features&quot;:[&quot;TV&quot;,&quot;WiFi&quot;,&quot;Safe&quot;],&quot;roomPrice&quot;:100},{&quot;roomid&quot;:2,&quot;roomName&quot;:&quot;102&quot;,&quot;type&quot;:&quot;Double&quot;,&quot;accessible&quot;:true,&quot;image&quot;:&quot;/images/room2.jpg&quot;,&quot;description&quot;:&quot;Vestibulum sollicitudin, lectus ac mollis consequat, lorem orci ultrices tellus, eleifend euismod tortor dui egestas erat. Phasellus et ipsum nisl. &quot;,&quot;features&quot;:[&quot;TV&quot;,&quot;Radio&quot;,&quot;Safe&quot;],&quot;roomPrice&quot;:150},{&quot;roomid&quot;:3,&quot;roomName&quot;:&quot;103&quot;,&quot;type&quot;:&quot;Suite&quot;,&quot;accessible&quot;:true,&quot;image&quot;:&quot;/images/room3.jpg&quot;,&quot;description&quot;:&quot;Etiam metus metus, fringilla ac sagittis id, consequat vel neque. Nunc commodo quis nisl nec posuere. Etiam at accumsan ex. &quot;,&quot;features&quot;:[&quot;Radio&quot;,&quot;WiFi&quot;,&quot;Safe&quot;],&quot;roomPrice&quot;:225}]} expected [400] but found [200]" type="java.lang.AssertionError"><![CDATA[java.lang.AssertionError: Response status code mismatch. Expected: 400 Actual: 200 Body: {"rooms":[{"roomid":1,"roomName":"101","type":"Single","accessible":true,"image":"/images/room1.jpg","description":"Aenean porttitor mauris sit amet lacinia molestie. In posuere accumsan aliquet. Maecenas sit amet nisl massa. Interdum et malesuada fames ac ante.","features":["TV","WiFi","Safe"],"roomPrice":100},{"roomid":2,"roomName":"102","type":"Double","accessible":true,"image":"/images/room2.jpg","description":"Vestibulum sollicitudin, lectus ac mollis consequat, lorem orci ultrices tellus, eleifend euismod tortor dui egestas erat. Phasellus et ipsum nisl. ","features":["TV","Radio","Safe"],"roomPrice":150},{"roomid":3,"roomName":"103","type":"Suite","accessible":true,"image":"/images/room3.jpg","description":"Etiam metus metus, fringilla ac sagittis id, consequat vel neque. Nunc commodo quis nisl nec posuere. Etiam at accumsan ex. ","features":["Radio","WiFi","Safe"],"roomPrice":225}]} expected [400] but found [200]
	at org.testng.Assert.fail(Assert.java:99)
	at org.testng.Assert.failNotEquals(Assert.java:1037)
	at org.testng.Assert.assertEqualsImpl(Assert.java:140)
	at org.testng.Assert.assertEquals(Assert.java:122)
	at org.testng.Assert.assertEquals(Assert.java:907)
	at com.booking.stepDefinitions.RoomManagementAPI.API_response_status_code_should_be(RoomManagementAPI.java:90)
	at ✽.API response status code of RM should be 400(file:///D:/Joshiba/Kata_Cucumber_Project/api_hotel_booking/src/test/resources/features/02_checkRoomAvailability.feature:46)
]]></failure>
    <system-out><![CDATA[
@RoomManagement @checkRoomAvailability @HotelBookingAPI @api @negative @regression @RM_5
Scenario Outline: Check room availability with invalid date formats and ranges                      # src/test/resources/features/02_checkRoomAvailability.feature:52
Request method:	GET
Request URI:	https://automationintesting.online/api/room?checkin=2020-01-01&checkout=2020-01-02
Proxy:			<none>
Request params:	<none>
Query params:	checkin=2020-01-01
				checkout=2020-01-02
Form params:	<none>
Path params:	<none>
Headers:		Accept=application/json, application/javascript, text/javascript, text/json
				Content-Type=application/json; charset=UTF-8
Cookies:		<none>
Multiparts:		<none>
Body:			<none>
HTTP/1.1 200 OK
Date: Mon, 30 Mar 2026 02:23:52 GMT
Content-Type: application/json
Transfer-Encoding: chunked
Connection: keep-alive
Server: cloudflare
vary: rsc, next-router-state-tree, next-router-prefetch, next-router-segment-prefetch
x-railway-edge: railway/asia-southeast1-eqsg3a
x-railway-request-id: qMOlrIrPTk6MZNFCipRofQ
x-railway-cdn-edge: fastly/cache-sin-wsat1880092-SIN
x-cache: MISS
x-cache-hits: 0
x-served-by: cache-sin-wsat1880092-SIN
cf-cache-status: DYNAMIC
Nel: {"report_to":"cf-nel","success_fraction":0.0,"max_age":604800}
Report-To: {"group":"cf-nel","max_age":604800,"endpoints":[{"url":"https://a.nel.cloudflare.com/report/v4?s=0UqC8m4YAX6uGGBhFbpidDIGeos4RokYN2pmPwdJjV3cnllcKrHv9rUhjsmJEP80jCXerhO43NRM0lPl0Ll7%2Bdpq0MBKNmkzITT%2FCvPygslWs4JMaBXF5%2B2FTA34E0iPPRsem%2F6jpkblF8KFpg%3D%3D"}]}
Content-Encoding: gzip
CF-RAY: 9e43a79ecb405cde-SIN
alt-svc: h3=":443"; ma=86400

{
    "rooms": [
        {
            "roomid": 1,
            "roomName": "101",
            "type": "Single",
            "accessible": true,
            "image": "/images/room1.jpg",
            "description": "Aenean porttitor mauris sit amet lacinia molestie. In posuere accumsan aliquet. Maecenas sit amet nisl massa. Interdum et malesuada fames ac ante.",
            "features": [
                "TV",
                "WiFi",
                "Safe"
            ],
            "roomPrice": 100
        },
        {
            "roomid": 2,
            "roomName": "102",
            "type": "Double",
            "accessible": true,
            "image": "/images/room2.jpg",
            "description": "Vestibulum sollicitudin, lectus ac mollis consequat, lorem orci ultrices tellus, eleifend euismod tortor dui egestas erat. Phasellus et ipsum nisl. ",
            "features": [
                "TV",
                "Radio",
                "Safe"
            ],
            "roomPrice": 150
        },
        {
            "roomid": 3,
            "roomName": "103",
            "type": "Suite",
            "accessible": true,
            "image": "/images/room3.jpg",
            "description": "Etiam metus metus, fringilla ac sagittis id, consequat vel neque. Nunc commodo quis nisl nec posuere. Etiam at accumsan ex. ",
            "features": [
                "Radio",
                "WiFi",
                "Safe"
            ],
            "roomPrice": 225
        }
    ]
}
  When User requests to check room availability with checkin "2020-01-01" and checkout "2020-01-02" # com.booking.stepDefinitions.RoomManagementAPI.User_requests_to_check_room_availability_with_checkin_and_checkout(java.lang.String,java.lang.String)
  Then API response status code of RM should be 400                                                 # com.booking.stepDefinitions.RoomManagementAPI.API_response_status_code_should_be(int)
      java.lang.AssertionError: Response status code mismatch. Expected: 400 Actual: 200 Body: {"rooms":[{"roomid":1,"roomName":"101","type":"Single","accessible":true,"image":"/images/room1.jpg","description":"Aenean porttitor mauris sit amet lacinia molestie. In posuere accumsan aliquet. Maecenas sit amet nisl massa. Interdum et malesuada fames ac ante.","features":["TV","WiFi","Safe"],"roomPrice":100},{"roomid":2,"roomName":"102","type":"Double","accessible":true,"image":"/images/room2.jpg","description":"Vestibulum sollicitudin, lectus ac mollis consequat, lorem orci ultrices tellus, eleifend euismod tortor dui egestas erat. Phasellus et ipsum nisl. ","features":["TV","Radio","Safe"],"roomPrice":150},{"roomid":3,"roomName":"103","type":"Suite","accessible":true,"image":"/images/room3.jpg","description":"Etiam metus metus, fringilla ac sagittis id, consequat vel neque. Nunc commodo quis nisl nec posuere. Etiam at accumsan ex. ","features":["Radio","WiFi","Safe"],"roomPrice":225}]} expected [400] but found [200]
	at org.testng.Assert.fail(Assert.java:99)
	at org.testng.Assert.failNotEquals(Assert.java:1037)
	at org.testng.Assert.assertEqualsImpl(Assert.java:140)
	at org.testng.Assert.assertEquals(Assert.java:122)
	at org.testng.Assert.assertEquals(Assert.java:907)
	at com.booking.stepDefinitions.RoomManagementAPI.API_response_status_code_should_be(RoomManagementAPI.java:90)
	at ✽.API response status code of RM should be 400(file:///D:/Joshiba/Kata_Cucumber_Project/api_hotel_booking/src/test/resources/features/02_checkRoomAvailability.feature:46)

]]></system-out>
  </testcase>
  <testcase name="runScenario[&quot;User authentication with valid credentials&quot;, &quot;Optional[Get Room Details API]&quot;](21)" classname="com.booking.runners.TestRunner" time="0.509">
    <system-out><![CDATA[
@RoomManagement @getRoomDetails @HotelBookingAPI @Background
Scenario Outline: User authentication with valid credentials                    # src/test/resources/features/03_getRoomDetails.feature:20
Request method:	POST
Request URI:	https://automationintesting.online/api/auth/login
Proxy:			<none>
Request params:	<none>
Query params:	<none>
Form params:	<none>
Path params:	<none>
Headers:		Accept=application/json, application/javascript, text/javascript, text/json
				Content-Type=application/json; charset=UTF-8
Cookies:		<none>
Multiparts:		<none>
Body:
{
    "password": "password",
    "username": "admin"
}
HTTP/1.1 200 OK
Date: Mon, 30 Mar 2026 02:23:53 GMT
Content-Type: application/json
Transfer-Encoding: chunked
Connection: keep-alive
Server: cloudflare
vary: rsc, next-router-state-tree, next-router-prefetch, next-router-segment-prefetch
x-railway-edge: railway/asia-southeast1-eqsg3a
x-railway-request-id: gJ8YoK5tSz-HEAXYVOLIQQ
x-railway-cdn-edge: fastly/cache-sin-wsat1880059-SIN
x-cache: MISS
x-cache-hits: 0
x-served-by: cache-sin-wsat1880059-SIN
cf-cache-status: DYNAMIC
Nel: {"report_to":"cf-nel","success_fraction":0.0,"max_age":604800}
Report-To: {"group":"cf-nel","max_age":604800,"endpoints":[{"url":"https://a.nel.cloudflare.com/report/v4?s=VhJvuD7itWb4K4I9Kvt9%2BPQSsGZOhW7%2BJdRiqubuGIQmWzsNWCq62cTM%2FulO5lgxF9avMymmxcks6egNDxoRLK9SlIueLFa17o3tRXC8K%2Bp3BwbaqUzpmHs0l033I6p2WzqihePb6EN0lGhLrQ%3D%3D"}]}
Content-Encoding: gzip
CF-RAY: 9e43a7a49e145e5e-SIN
alt-svc: h3=":443"; ma=86400

{
    "token": "eVgLXfsRCXBvKNq9"
}
  When User authenticates as user with username "admin" and password "password" # com.booking.stepDefinitions.LoginAPIStepDefinition.user_authenticates_as_user(java.lang.String,java.lang.String)
  Then API response status code should be 200                                   # com.booking.stepDefinitions.LoginAPIStepDefinition.API_response_status_code_should_be(int)
Authentication Token: eVgLXfsRCXBvKNq9
Authentication Token: eVgLXfsRCXBvKNq9
Authentication Token: eVgLXfsRCXBvKNq9
Response Status Code: 200
  And Response should contain a valid authentication token                      # com.booking.stepDefinitions.LoginAPIStepDefinition.Response_should_contain_a_valid_authentication_token()
]]></system-out>
  </testcase>
  <testcase name="runScenario[&quot;Get list of all available rooms&quot;, &quot;Optional[Get Room Details API]&quot;](22)" classname="com.booking.runners.TestRunner" time="0.514">
    <system-out><![CDATA[
@RoomManagement @getRoomDetails @HotelBookingAPI @smoke @api @regression @positive @RM_1
Scenario Outline: Get list of all available rooms   # src/test/resources/features/03_getRoomDetails.feature:32
Request method:	GET
Request URI:	https://automationintesting.online/api/room
Proxy:			<none>
Request params:	<none>
Query params:	<none>
Form params:	<none>
Path params:	<none>
Headers:		Accept=application/json, application/javascript, text/javascript, text/json
				Content-Type=application/json; charset=UTF-8
Cookies:		<none>
Multiparts:		<none>
Body:			<none>
HTTP/1.1 200 OK
Date: Mon, 30 Mar 2026 02:23:53 GMT
Content-Type: application/json
Transfer-Encoding: chunked
Connection: keep-alive
Server: cloudflare
vary: rsc, next-router-state-tree, next-router-prefetch, next-router-segment-prefetch
x-railway-edge: railway/asia-southeast1-eqsg3a
x-railway-request-id: rCwpOkTYQ5OfRAkNoB_USg
x-railway-cdn-edge: fastly/cache-sin-wsat1880028-SIN
x-cache: MISS
x-cache-hits: 0
x-served-by: cache-sin-wsat1880028-SIN
cf-cache-status: DYNAMIC
Nel: {"report_to":"cf-nel","success_fraction":0.0,"max_age":604800}
Report-To: {"group":"cf-nel","max_age":604800,"endpoints":[{"url":"https://a.nel.cloudflare.com/report/v4?s=uQqZen7nUEvaJ07wNMsfTd17%2BrgOKVc%2BZESqUO5NWACyXF4QCoXVSfm04oZ8RN%2BRTmtlMoKCBB4e4IbdXkmUvSfm6HvBRbxfLtKX5wIxp5EuUMzKHlBLGX%2Buq9JpM2%2FmK%2F7mnVnCc6SV8fDyRA%3D%3D"}]}
Content-Encoding: gzip
CF-RAY: 9e43a7a7de5ed4de-SIN
alt-svc: h3=":443"; ma=86400

{
    "rooms": [
        {
            "roomid": 1,
            "roomName": "101",
            "type": "Single",
            "accessible": true,
            "image": "/images/room1.jpg",
            "description": "Aenean porttitor mauris sit amet lacinia molestie. In posuere accumsan aliquet. Maecenas sit amet nisl massa. Interdum et malesuada fames ac ante.",
            "features": [
                "TV",
                "WiFi",
                "Safe"
            ],
            "roomPrice": 100
        },
        {
            "roomid": 2,
            "roomName": "102",
            "type": "Double",
            "accessible": true,
            "image": "/images/room2.jpg",
            "description": "Vestibulum sollicitudin, lectus ac mollis consequat, lorem orci ultrices tellus, eleifend euismod tortor dui egestas erat. Phasellus et ipsum nisl. ",
            "features": [
                "TV",
                "Radio",
                "Safe"
            ],
            "roomPrice": 150
        },
        {
            "roomid": 3,
            "roomName": "103",
            "type": "Suite",
            "accessible": true,
            "image": "/images/room3.jpg",
            "description": "Etiam metus metus, fringilla ac sagittis id, consequat vel neque. Nunc commodo quis nisl nec posuere. Etiam at accumsan ex. ",
            "features": [
                "Radio",
                "WiFi",
                "Safe"
            ],
            "roomPrice": 225
        }
    ]
}
{"rooms":[{"roomid":1,"roomName":"101","type":"Single","accessible":true,"image":"/images/room1.jpg","description":"Aenean porttitor mauris sit amet lacinia molestie. In posuere accumsan aliquet. Maecenas sit amet nisl massa. Interdum et malesuada fames ac ante.","features":["TV","WiFi","Safe"],"roomPrice":100},{"roomid":2,"roomName":"102","type":"Double","accessible":true,"image":"/images/room2.jpg","description":"Vestibulum sollicitudin, lectus ac mollis consequat, lorem orci ultrices tellus, eleifend euismod tortor dui egestas erat. Phasellus et ipsum nisl. ","features":["TV","Radio","Safe"],"roomPrice":150},{"roomid":3,"roomName":"103","type":"Suite","accessible":true,"image":"/images/room3.jpg","description":"Etiam metus metus, fringilla ac sagittis id, consequat vel neque. Nunc commodo quis nisl nec posuere. Etiam at accumsan ex. ","features":["Radio","WiFi","Safe"],"roomPrice":225}]}
  When User requests to get list of all rooms       # com.booking.stepDefinitions.RoomManagementAPI.User_requests_to_get_list_of_all_rooms()
  Then API response status code of RM should be 200 # com.booking.stepDefinitions.RoomManagementAPI.API_response_status_code_should_be(int)
  And Response should contain list of rooms         # com.booking.stepDefinitions.RoomManagementAPI.Response_should_contain_list_of_rooms()
  And Each room should have room details            # com.booking.stepDefinitions.RoomManagementAPI.Each_room_should_have_room_details()
]]></system-out>
  </testcase>
  <testcase name="runScenario[&quot;Get room details by room ID&quot;, &quot;Optional[Get Room Details API]&quot;](23)" classname="com.booking.runners.TestRunner" time="0.734">
    <system-out><![CDATA[
@RoomManagement @getRoomDetails @HotelBookingAPI @smoke @api @regression @positive @RM_2
Scenario Outline: Get room details by room ID           # src/test/resources/features/03_getRoomDetails.feature:43
Request method:	GET
Request URI:	https://automationintesting.online/api/room/1
Proxy:			<none>
Request params:	<none>
Query params:	<none>
Form params:	<none>
[...]
    <system-out><![CDATA[
@getBookingDetails @schema-validation @api @room-details @schema-validation
Scenario Outline: Retrieve and validate room information by ID        # src/test/resources/features/07_getBookingDetail.feature:20
  Given user want to retrieve room information for a specific room ID # com.booking.stepDefinitions.E2EHotelBooking.i_want_to_retrieve_room_information()
Request method:	GET
Request URI:	https://automationintesting.online/api/room/3
Proxy:			<none>
Request params:	<none>
Query params:	<none>
Form params:	<none>
Path params:	<none>
Headers:		Accept=application/json, application/javascript, text/javascript, text/json
				Content-Type=application/json; charset=UTF-8
Cookies:		<none>
Multiparts:		<none>
Body:			<none>
HTTP/1.1 200 OK
Date: Mon, 30 Mar 2026 02:24:42 GMT
Content-Type: application/json
Transfer-Encoding: chunked
Connection: keep-alive
Server: cloudflare
vary: rsc, next-router-state-tree, next-router-prefetch, next-router-segment-prefetch
x-railway-edge: railway/asia-southeast1-eqsg3a
x-railway-request-id: KXeY0dpJTTeiv_eb0ubPiw
x-railway-cdn-edge: fastly/cache-sin-wsat1880077-SIN
x-cache: MISS
x-cache-hits: 0
x-served-by: cache-sin-wsat1880077-SIN
cf-cache-status: DYNAMIC
Nel: {"report_to":"cf-nel","success_fraction":0.0,"max_age":604800}
Report-To: {"group":"cf-nel","max_age":604800,"endpoints":[{"url":"https://a.nel.cloudflare.com/report/v4?s=59X%2Bl8YUAGuphVeDWkZmDQwG98ZuAQDG2fHQ11cRlaWF%2FsEZT1M3WgPJbFvIPC7m7QLJJmB3CfskzF%2FMtYpq2YU35Z6rL9l8ehx2wdSOckvLiUON5tZCat4G4WCCGGyea6AzgwcwMWyE0Z0qfA%3D%3D"}]}
Content-Encoding: gzip
CF-RAY: 9e43a8d59d20fdcb-SIN
alt-svc: h3=":443"; ma=86400

{
    "roomid": 3,
    "roomName": "103",
    "type": "Suite",
    "accessible": true,
    "image": "/images/room3.jpg",
    "description": "Etiam metus metus, fringilla ac sagittis id, consequat vel neque. Nunc commodo quis nisl nec posuere. Etiam at accumsan ex. ",
    "features": [
        "Radio",
        "WiFi",
        "Safe"
    ],
    "roomPrice": 225
}
  When user request room details for the following ID:                # com.booking.stepDefinitions.E2EHotelBooking.i_request_room_details_for_the_following_id(io.cucumber.datatable.DataTable)
  Then the room information should contain:                           # com.booking.stepDefinitions.E2EHotelBooking.the_room_information_should_contain(io.cucumber.datatable.DataTable)
  And the API response conforms to "roomDetails.json" schema          # com.booking.stepDefinitions.E2EHotelBooking.the_api_response_conforms_to_schema(java.lang.String)
]]></system-out>
  </testcase>
  <testcase name="runScenario[&quot;Attempt to retrieve room information with invalid ID&quot;, &quot;Optional[Room Information Retrieval]&quot;](42)" classname="com.booking.runners.TestRunner" time="33.154">
    <failure message="Response status code mismatch. Expected: 404 Actual: 500 Body: {&quot;timestamp&quot;:&quot;2026-03-30T02:25:15.115+00:00&quot;,&quot;status&quot;:500,&quot;error&quot;:&quot;Internal Server Error&quot;,&quot;path&quot;:&quot;/room/999&quot;} expected [404] but found [500]" type="java.lang.AssertionError"><![CDATA[java.lang.AssertionError: Response status code mismatch. Expected: 404 Actual: 500 Body: {"timestamp":"2026-03-30T02:25:15.115+00:00","status":500,"error":"Internal Server Error","path":"/room/999"} expected [404] but found [500]
	at org.testng.Assert.fail(Assert.java:99)
	at org.testng.Assert.failNotEquals(Assert.java:1037)
	at org.testng.Assert.assertEqualsImpl(Assert.java:140)
	at org.testng.Assert.assertEquals(Assert.java:122)
	at org.testng.Assert.assertEquals(Assert.java:907)
	at com.booking.stepDefinitions.E2EHotelBooking.API_response_status_code_should_be_for_not_found(E2EHotelBooking.java:866)
	at ✽.API response status code should be 404 for not found(file:///D:/Joshiba/Kata_Cucumber_Project/api_hotel_booking/src/test/resources/features/07_getBookingDetail.feature:27)
]]></failure>
    <system-out><![CDATA[
@getBookingDetails @schema-validation @api @room-details @schema-validation
Scenario: Attempt to retrieve room information with invalid ID        # src/test/resources/features/07_getBookingDetail.feature:32
  Given user want to retrieve room information for a specific room ID # com.booking.stepDefinitions.E2EHotelBooking.i_want_to_retrieve_room_information()
Request method:	GET
Request URI:	https://automationintesting.online/api/room/999
Proxy:			<none>
Request params:	<none>
Query params:	<none>
Form params:	<none>
Path params:	<none>
Headers:		Accept=application/json, application/javascript, text/javascript, text/json
				Content-Type=application/json; charset=UTF-8
Cookies:		<none>
Multiparts:		<none>
Body:			<none>
HTTP/1.1 500 Internal Server Error
Date: Mon, 30 Mar 2026 02:25:15 GMT
Content-Type: application/json
Transfer-Encoding: chunked
Connection: keep-alive
Server: cloudflare
vary: rsc, next-router-state-tree, next-router-prefetch, next-router-segment-prefetch
x-railway-edge: railway/asia-southeast1-eqsg3a
x-railway-request-id: IAgN7rHoRLKgWo0nipRofQ
x-railway-cdn-edge: fastly/cache-sin-wsap440058-SIN
x-cache: MISS
x-cache-hits: 0
x-served-by: cache-sin-wsap440058-SIN
cf-cache-status: DYNAMIC
Nel: {"report_to":"cf-nel","success_fraction":0.0,"max_age":604800}
Report-To: {"group":"cf-nel","max_age":604800,"endpoints":[{"url":"https://a.nel.cloudflare.com/report/v4?s=g77ToR67a4w8jxGh2C7z6xPbHS8L4INnXviW6dX1z%2BdzlY%2BTzdQEH%2F1ZkQXL24T0q%2B1Yov7S6Y%2BIACebKaqpM5m%2F7%2BQysEQiqDpvDV1xI7wNuGRaxPgdvjI7gKwLJIGZHU9etPBAJsTvbPdu3w%3D%3D"}]}
CF-RAY: 9e43a8d79b586034-SIN
alt-svc: h3=":443"; ma=86400

{
    "timestamp": "2026-03-30T02:25:15.115+00:00",
    "status": 500,
    "error": "Internal Server Error",
    "path": "/room/999"
}
  When user request room details for the following ID:                # com.booking.stepDefinitions.E2EHotelBooking.i_request_room_details_for_the_following_id(io.cucumber.datatable.DataTable)
  Then API response status code should be 404 for not found           # com.booking.stepDefinitions.E2EHotelBooking.API_response_status_code_should_be_for_not_found(int)
      java.lang.AssertionError: Response status code mismatch. Expected: 404 Actual: 500 Body: {"timestamp":"2026-03-30T02:25:15.115+00:00","status":500,"error":"Internal Server Error","path":"/room/999"} expected [404] but found [500]
	at org.testng.Assert.fail(Assert.java:99)
	at org.testng.Assert.failNotEquals(Assert.java:1037)
	at org.testng.Assert.assertEqualsImpl(Assert.java:140)
	at org.testng.Assert.assertEquals(Assert.java:122)
	at org.testng.Assert.assertEquals(Assert.java:907)
	at com.booking.stepDefinitions.E2EHotelBooking.API_response_status_code_should_be_for_not_found(E2EHotelBooking.java:866)
	at ✽.API response status code should be 404 for not found(file:///D:/Joshiba/Kata_Cucumber_Project/api_hotel_booking/src/test/resources/features/07_getBookingDetail.feature:27)

  And User gets "Room not found" error message                        # com.booking.stepDefinitions.E2EHotelBooking.user_gets_error_message(java.lang.String)
]]></system-out>
  </testcase>
  <testcase name="runScenario[&quot;Attempt to retrieve room information with invalid ID&quot;, &quot;Optional[Room Information Retrieval]&quot;](43)" classname="com.booking.runners.TestRunner" time="0.74">
    <system-out><![CDATA[
@getBookingDetails @schema-validation @api @room-details @schema-validation
Scenario: Attempt to retrieve room information with invalid ID        # src/test/resources/features/07_getBookingDetail.feature:33
  Given user want to retrieve room information for a specific room ID # com.booking.stepDefinitions.E2EHotelBooking.i_want_to_retrieve_room_information()
Request method:	GET
Request URI:	https://automationintesting.online/api/room/-1
Proxy:			<none>
Request params:	<none>
Query params:	<none>
Form params:	<none>
Path params:	<none>
Headers:		Accept=application/json, application/javascript, text/javascript, text/json
				Content-Type=application/json; charset=UTF-8
Cookies:		<none>
Multiparts:		<none>
Body:			<none>
HTTP/1.1 404 Not Found
Date: Mon, 30 Mar 2026 02:25:15 GMT
Content-Type: application/json
Transfer-Encoding: chunked
Connection: keep-alive
Server: cloudflare
vary: rsc, next-router-state-tree, next-router-prefetch, next-router-segment-prefetch
x-railway-edge: railway/asia-southeast1-eqsg3a
x-railway-request-id: n4kDLt1ZSKG8iKeLAQeqjw
x-railway-cdn-edge: fastly/cache-sin-wsap440097-SIN
x-cache: MISS
x-cache-hits: 0
x-served-by: cache-sin-wsap440097-SIN
cf-cache-status: DYNAMIC
Nel: {"report_to":"cf-nel","success_fraction":0.0,"max_age":604800}
Report-To: {"group":"cf-nel","max_age":604800,"endpoints":[{"url":"https://a.nel.cloudflare.com/report/v4?s=iIjIPwAO0jOiu5KxA3SVJEDoBi%2FGKogMlCDXWn2hMSB8bFs2ooF7OqgogVoM9X0h3dTW7SIEShGFswISs7mnGINQBUE2QnlIzE8nnpOs4VX7t7Mv39Ao3zS65kHwamMFjBRhzYwsa7rgN%2Bt5%2Fw%3D%3D"}]}
Content-Encoding: gzip
CF-RAY: 9e43a9a6ed885c31-SIN
alt-svc: h3=":443"; ma=86400

{
    "timestamp": "2026-03-30T02:25:15.862+00:00",
    "status": 404,
    "error": "Not Found",
    "path": "/room/-1"
}
  When user request room details for the following ID:                # com.booking.stepDefinitions.E2EHotelBooking.i_request_room_details_for_the_following_id(io.cucumber.datatable.DataTable)
  Then API response status code should be 404 for not found           # com.booking.stepDefinitions.E2EHotelBooking.API_response_status_code_should_be_for_not_found(int)
  And User gets "Room not found" error message                        # com.booking.stepDefinitions.E2EHotelBooking.user_gets_error_message(java.lang.String)
]]></system-out>
  </testcase>
  <testcase name="runScenario[&quot;Attempt to retrieve room information with invalid ID&quot;, &quot;Optional[Room Information Retrieval]&quot;](44)" classname="com.booking.runners.TestRunner" time="0.31">
    <system-out><![CDATA[
@getBookingDetails @schema-validation @api @room-details @schema-validation
Scenario: Attempt to retrieve room information with invalid ID        # src/test/resources/features/07_getBookingDetail.feature:34
  Given user want to retrieve room information for a specific room ID # com.booking.stepDefinitions.E2EHotelBooking.i_want_to_retrieve_room_information()
Request method:	GET
Request URI:	https://automationintesting.online/api/room/abc
Proxy:			<none>
Request params:	<none>
Query params:	<none>
Form params:	<none>
Path params:	<none>
Headers:		Accept=application/json, application/javascript, text/javascript, text/json
				Content-Type=application/json; charset=UTF-8
Cookies:		<none>
Multiparts:		<none>
Body:			<none>
HTTP/1.1 404 Not Found
Date: Mon, 30 Mar 2026 02:25:16 GMT
Content-Type: application/json
Transfer-Encoding: chunked
Connection: keep-alive
Server: cloudflare
vary: rsc, next-router-state-tree, next-router-prefetch, next-router-segment-prefetch
x-railway-edge: railway/asia-southeast1-eqsg3a
x-railway-request-id: 0Prj5TY0S0-zhPAVAQeqjw
x-railway-cdn-edge: fastly/cache-sin-wsap440058-SIN
x-cache: MISS
x-cache-hits: 0
x-served-by: cache-sin-wsap440058-SIN
cf-cache-status: DYNAMIC
Nel: {"report_to":"cf-nel","success_fraction":0.0,"max_age":604800}
Report-To: {"group":"cf-nel","max_age":604800,"endpoints":[{"url":"https://a.nel.cloudflare.com/report/v4?s=QRLFB9yQ9s06iaLNG%2F4jyNKfxb0OEJJlvjEEPtfqRoBy84R4XFj4Afp%2BfXmA7ogui1x9fpOJtwk3TcbuFfiAKnHc58STfUnuQyuXROuQzYXAqZIKogh6%2BnXYzMTtvMnsSjVgbL94KYSh7ZUkXw%3D%3D"}]}
Content-Encoding: gzip
CF-RAY: 9e43a9ab7be97373-SIN
alt-svc: h3=":443"; ma=86400

{
    "timestamp": "2026-03-30T02:25:16.177+00:00",
    "status": 404,
    "error": "Not Found",
    "path": "/room/abc"
}
  When user request room details for the following ID:                # com.booking.stepDefinitions.E2EHotelBooking.i_request_room_details_for_the_following_id(io.cucumber.datatable.DataTable)
  Then API response status code should be 404 for not found           # com.booking.stepDefinitions.E2EHotelBooking.API_response_status_code_should_be_for_not_found(int)
  And User gets "Room not found" error message                        # com.booking.stepDefinitions.E2EHotelBooking.user_gets_error_message(java.lang.String)
]]></system-out>
  </testcase>
  <testcase name="runScenario[&quot;Attempt to retrieve room information with invalid ID&quot;, &quot;Optional[Room Information Retrieval]&quot;](45)" classname="com.booking.runners.TestRunner" time="0.515">
    <system-out><![CDATA[
@getBookingDetails @schema-validation @api @room-details @schema-validation
Scenario: Attempt to retrieve room information with invalid ID        # src/test/resources/features/07_getBookingDetail.feature:35
  Given user want to retrieve room information for a specific room ID # com.booking.stepDefinitions.E2EHotelBooking.i_want_to_retrieve_room_information()
Request method:	GET
Request URI:	https://automationintesting.online/api/room/%21%40%23
Proxy:			<none>
Request params:	<none>
Query params:	<none>
Form params:	<none>
Path params:	<none>
Headers:		Accept=application/json, application/javascript, text/javascript, text/json
				Content-Type=application/json; charset=UTF-8
Cookies:		<none>
Multiparts:		<none>
Body:			<none>
HTTP/1.1 404 Not Found
Date: Mon, 30 Mar 2026 02:25:16 GMT
Content-Type: application/json
Transfer-Encoding: chunked
Connection: keep-alive
Server: cloudflare
vary: rsc, next-router-state-tree, next-router-prefetch, next-router-segment-prefetch
x-railway-edge: railway/asia-southeast1-eqsg3a
x-railway-request-id: 5c7JQTkdRWOTdb-W0ubPiw
x-railway-cdn-edge: fastly/cache-sin-wsat1880045-SIN
x-cache: MISS
x-cache-hits: 0
x-served-by: cache-sin-wsat1880045-SIN
cf-cache-status: DYNAMIC
Nel: {"report_to":"cf-nel","success_fraction":0.0,"max_age":604800}
Report-To: {"group":"cf-nel","max_age":604800,"endpoints":[{"url":"https://a.nel.cloudflare.com/report/v4?s=ZzlwXUBJPX%2BsTwoKALPoInildmr8rvbGWIIGl%2FhqfMyVdDmp2vAcBqxGmX%2Fi4hAOCXu98kWsMHdM0TR5Num65pUuftVq9Y8CnzuEITGctiiUrWtI7RFKk0anbuY%2BAlvZ15WYlBs5OsuluY4DeQ%3D%3D"}]}
Content-Encoding: gzip
CF-RAY: 9e43a9adaa2e8823-SIN
alt-svc: h3=":443"; ma=86400

{
    "timestamp": "2026-03-30T02:25:16.689+00:00",
    "status": 404,
    "error": "Not Found",
    "path": "/room/!@"
}
  When user request room details for the following ID:                # com.booking.stepDefinitions.E2EHotelBooking.i_request_room_details_for_the_following_id(io.cucumber.datatable.DataTable)
  Then API response status code should be 404 for not found           # com.booking.stepDefinitions.E2EHotelBooking.API_response_status_code_should_be_for_not_found(int)
  And User gets "Room not found" error message                        # com.booking.stepDefinitions.E2EHotelBooking.user_gets_error_message(java.lang.String)
]]></system-out>
  </testcase>
  <testcase name="runScenario[&quot;Get booking report for a specific date range&quot;, &quot;Optional[Get Booking Report]&quot;](46)" classname="com.booking.runners.TestRunner" time="2.155">
    <system-out><![CDATA[
@getBookingReport @smoke @api @regression @positive @BR_1
Scenario: Get booking report for a specific date range                          # src/test/resources/features/08_getBookingReport.feature:19
Request method:	POST
Request URI:	https://automationintesting.online/api/auth/login
Proxy:			<none>
Request params:	<none>
Query params:	<none>
Form params:	<none>
Path params:	<none>
Headers:		Accept=application/json, application/javascript, text/javascript, text/json
				Content-Type=application/json; charset=UTF-8
Cookies:		<none>
Multiparts:		<none>
Body:
{
    "password": "password",
    "username": "admin"
}
HTTP/1.1 200 OK
Date: Mon, 30 Mar 2026 02:25:17 GMT
Content-Type: application/json
Transfer-Encoding: chunked
Connection: keep-alive
Server: cloudflare
vary: rsc, next-router-state-tree, next-router-prefetch, next-router-segment-prefetch
x-railway-edge: railway/asia-southeast1-eqsg3a
x-railway-request-id: 2LuhMWauSs6-oEibacI7Nw
x-railway-cdn-edge: fastly/cache-sin-wsat1880092-SIN
x-cache: MISS
x-cache-hits: 0
x-served-by: cache-sin-wsat1880092-SIN
cf-cache-status: DYNAMIC
Nel: {"report_to":"cf-nel","success_fraction":0.0,"max_age":604800}
Report-To: {"group":"cf-nel","max_age":604800,"endpoints":[{"url":"https://a.nel.cloudflare.com/report/v4?s=GnZs7j3%2F7maMweV4x8D9aeN%2Baqu0tvpfE3%2F%2BmOMWNAAQHVmy5XFt6hXM3cX0a2nSM9Ws2ISEk20au7ftuUsty6QQlySDG2JCNfpDNsd6ulbkqUBQT8vd3e3xbbHcx52%2B%2BmZgjyphzWhmRmxprw%3D%3D"}]}
Content-Encoding: gzip
CF-RAY: 9e43a9b0ac1e4493-SIN
alt-svc: h3=":443"; ma=86400

{
    "token": "1cSqmzsrdBbrusT9"
}
  When User authenticates as user with username "admin" and password "password" # com.booking.stepDefinitions.LoginAPIStepDefinition.user_authenticates_as_user(java.lang.String,java.lang.String)
  Then API response status code should be 200                                   # com.booking.stepDefinitions.LoginAPIStepDefinition.API_response_status_code_should_be(int)
Authentication Token: 1cSqmzsrdBbrusT9
Authentication Token: 1cSqmzsrdBbrusT9
Authentication Token: 1cSqmzsrdBbrusT9
Response Status Code: 200
  And Response should contain a valid authentication token                      # com.booking.stepDefinitions.LoginAPIStepDefinition.Response_should_contain_a_valid_authentication_token()
Spec: io.restassured.internal.RequestSpecificationImpl@685e702
Request method:	GET
Request URI:	https://automationintesting.online/api/report
Proxy:			<none>
Request params:	<none>
Query params:	<none>
Form params:	<none>
Path params:	<none>
Headers:		Accept=application/json, application/javascript, text/javascript, text/json
				Cookie=token=1cSqmzsrdBbrusT9
				Authorization=automationintesting.online
				Content-Type=application/json; charset=UTF-8
Cookies:		<none>
Multiparts:		<none>
Body:			<none>
HTTP/1.1 200 OK
Date: Mon, 30 Mar 2026 02:25:18 GMT
Content-Type: application/json
Transfer-Encoding: chunked
Connection: keep-alive
Server: cloudflare
vary: rsc, next-router-state-tree, next-router-prefetch, next-router-segment-prefetch
x-railway-edge: railway/asia-southeast1-eqsg3a
x-railway-request-id: vMki4z2lR0eGyGot-8Y8hA
x-railway-cdn-edge: fastly/cache-sin-wsap440058-SIN
x-cache: MISS
x-cache-hits: 0
x-served-by: cache-sin-wsap440058-SIN
cf-cache-status: DYNAMIC
Nel: {"report_to":"cf-nel","success_fraction":0.0,"max_age":604800}
Report-To: {"group":"cf-nel","max_age":604800,"endpoints":[{"url":"https://a.nel.cloudflare.com/report/v4?s=dRPAhG6tJIjM9l4a0fljnMHq5UE3X3CWaFYj1aKcU36fpGyLKYCftdBVbd75F4QnEOIvnlud%2FBRPIdHxPgNvHyYfpiQV4lcfqe3QXd5fhg%2Fb2RYhEC1gtTZjuWb1FS8dKJufFeZzbiqlJpwAkg%3D%3D"}]}
Content-Encoding: gzip
CF-RAY: 9e43a9b3b8a39d05-SIN
alt-svc: h3=":443"; ma=86400

{
    "report": [
        {
            "start": "2026-02-01",
            "end": "2026-02-05",
            "title": "James Dean - Room: 101"
        },
        {
            "start": "2026-02-02",
            "end": "2026-02-04",
            "title": "Erica Bowthorpe - Room: 102"
        },
        {
            "start": "2026-03-01",
            "end": "2026-03-05",
            "title": "Timothy Barrow - Room: 103"
        },
        {
            "start": "2026-03-30",
            "end": "2026-03-31",
            "title": "ttt ttt - Room: 103"
        }
    ]
}
  When User requests to get booking report for data available                   # com.booking.stepDefinitions.E2EHotelBooking.User_requests_to_get_booking_report_for_date_range_from_to()
  Then API response status code of BR should be 200                             # com.booking.stepDefinitions.E2EHotelBooking.API_response_status_code_of_BR_should_be_lt_statuscode_gt(int)
  And Response should contain booking report data                               # com.booking.stepDefinitions.E2EHotelBooking.Response_should_contain_booking_report_data()
  And Each booking in the report should have valid details                      # com.booking.stepDefinitions.E2EHotelBooking.Each_booking_in_the_report_should_have_valid_details()
]]></system-out>
  </testcase>
</testsuite>