<?xml version="1.0" encoding="UTF-8"?>
<testng-results ignored="0" total="11" passed="11" failed="0" skipped="0">
  <reporter-output>
  </reporter-output>
  <suite started-at="2026-03-28T22:50:25 IST" name="Cucumber Automation Test Suite" finished-at="2026-03-28T22:50:39 IST" duration-ms="14552">
    <groups>
      <group name="cucumber">
        <method signature="AbstractTestNGCucumberTests.runScenario(io.cucumber.testng.PickleWrapper,io.cucumber.testng.FeatureWrapper)[pri:0, instance:com.booking.runners.TestRunner@402bba4f]" name="runScenario" class="io.cucumber.testng.AbstractTestNGCucumberTests"/>
      </group> <!-- cucumber -->
    </groups>
    <test started-at="2026-03-28T22:50:25 IST" name="API Booking Tests" finished-at="2026-03-28T22:50:39 IST" duration-ms="14552">
      <class name="com.booking.runners.TestRunner">
        <test-method is-config="true" signature="setUpClass()[pri:0, instance:com.booking.runners.TestRunner@402bba4f]" started-at="2026-03-28T22:50:25 IST" name="setUpClass" finished-at="2026-03-28T22:50:25 IST" duration-ms="559" status="PASS">
          <reporter-output>
          </reporter-output>
        </test-method> <!-- setUpClass -->
        <test-method signature="runScenario(io.cucumber.testng.PickleWrapper,io.cucumber.testng.FeatureWrapper)[pri:0, instance:com.booking.runners.TestRunner@402bba4f]" started-at="2026-03-28T22:50:25 IST" name="runScenario" description="Runs Cucumber Scenarios" data-provider="scenarios" finished-at="2026-03-28T22:50:30 IST" duration-ms="4473" status="PASS">
          <params>
            <param index="0">
              <value>
                <![CDATA["User authentication with valid credentials"]]>
              </value>
            </param>
            <param index="1">
              <value>
                <![CDATA["Optional[Login to the Hotel Booking API -Shady Meadows B&B API]"]]>
              </value>
            </param>
          </params>
          <reporter-output>
          </reporter-output>
        </test-method> <!-- runScenario -->
        <test-method signature="runScenario(io.cucumber.testng.PickleWrapper,io.cucumber.testng.FeatureWrapper)[pri:0, instance:com.booking.runners.TestRunner@402bba4f]" started-at="2026-03-28T22:50:30 IST" name="runScenario" description="Runs Cucumber Scenarios" data-provider="scenarios" finished-at="2026-03-28T22:50:31 IST" duration-ms="916" status="PASS">
          <params>
            <param index="0">
              <value>
                <![CDATA["User authentication with invalid credentials"]]>
              </value>
            </param>
            <param index="1">
              <value>
                <![CDATA["Optional[Login to the Hotel Booking API -Shady Meadows B&B API]"]]>
              </value>
            </param>
          </params>
          <reporter-output>
          </reporter-output>
        </test-method> <!-- runScenario -->
        <test-method signature="runScenario(io.cucumber.testng.PickleWrapper,io.cucumber.testng.FeatureWrapper)[pri:0, instance:com.booking.runners.TestRunner@402bba4f]" started-at="2026-03-28T22:50:31 IST" name="runScenario" description="Runs Cucumber Scenarios" data-provider="scenarios" finished-at="2026-03-28T22:50:31 IST" duration-ms="510" status="PASS">
          <params>
            <param index="0">
              <value>
                <![CDATA["User authentication with invalid credentials"]]>
              </value>
            </param>
            <param index="1">
              <value>
                <![CDATA["Optional[Login to the Hotel Booking API -Shady Meadows B&B API]"]]>
              </value>
            </param>
          </params>
          <reporter-output>
          </reporter-output>
        </test-method> <!-- runScenario -->
        <test-method signature="runScenario(io.cucumber.testng.PickleWrapper,io.cucumber.testng.FeatureWrapper)[pri:0, instance:com.booking.runners.TestRunner@402bba4f]" started-at="2026-03-28T22:50:31 IST" name="runScenario" description="Runs Cucumber Scenarios" data-provider="scenarios" finished-at="2026-03-28T22:50:32 IST" duration-ms="615" status="PASS">
          <params>
            <param index="0">
              <value>
                <![CDATA["User authentication with invalid credentials"]]>
              </value>
            </param>
            <param index="1">
              <value>
                <![CDATA["Optional[Login to the Hotel Booking API -Shady Meadows B&B API]"]]>
              </value>
            </param>
          </params>
          <reporter-output>
          </reporter-output>
        </test-method> <!-- runScenario -->
        <test-method signature="runScenario(io.cucumber.testng.PickleWrapper,io.cucumber.testng.FeatureWrapper)[pri:0, instance:com.booking.runners.TestRunner@402bba4f]" started-at="2026-03-28T22:50:32 IST" name="runScenario" description="Runs Cucumber Scenarios" data-provider="scenarios" finished-at="2026-03-28T22:50:32 IST" duration-ms="591" status="PASS">
          <params>
            <param index="0">
              <value>
                <![CDATA["User authentication with invalid credentials"]]>
              </value>
            </param>
            <param index="1">
              <value>
                <![CDATA["Optional[Login to the Hotel Booking API -Shady Meadows B&B API]"]]>
              </value>
            </param>
          </params>
          <reporter-output>
          </reporter-output>
        </test-method> <!-- runScenario -->
        <test-method signature="runScenario(io.cucumber.testng.PickleWrapper,io.cucumber.testng.FeatureWrapper)[pri:0, instance:com.booking.runners.TestRunner@402bba4f]" started-at="2026-03-28T22:50:32 IST" name="runScenario" description="Runs Cucumber Scenarios" data-provider="scenarios" finished-at="2026-03-28T22:50:33 IST" duration-ms="641" status="PASS">
          <params>
            <param index="0">
              <value>
                <![CDATA["User authentication with invalid credentials"]]>
              </value>
            </param>
            <param index="1">
              <value>
                <![CDATA["Optional[Login to the Hotel Booking API -Shady Meadows B&B API]"]]>
              </value>
            </param>
          </params>
          <reporter-output>
          </reporter-output>
        </test-method> <!-- runScenario -->
        <test-method signature="runScenario(io.cucumber.testng.PickleWrapper,io.cucumber.testng.FeatureWrapper)[pri:0, instance:com.booking.runners.TestRunner@402bba4f]" started-at="2026-03-28T22:50:33 IST" name="runScenario" description="Runs Cucumber Scenarios" data-provider="scenarios" finished-at="2026-03-28T22:50:34 IST" duration-ms="705" status="PASS">
          <params>
            <param index="0">
              <value>
                <![CDATA["User authentication with invalid credentials"]]>
              </value>
            </param>
            <param index="1">
              <value>
                <![CDATA["Optional[Login to the Hotel Booking API -Shady Meadows B&B API]"]]>
              </value>
            </param>
          </params>
          <reporter-output>
          </reporter-output>
        </test-method> <!-- runScenario -->
        <test-method signature="runScenario(io.cucumber.testng.PickleWrapper,io.cucumber.testng.FeatureWrapper)[pri:0, instance:com.booking.runners.TestRunner@402bba4f]" started-at="2026-03-28T22:50:34 IST" name="runScenario" description="Runs Cucumber Scenarios" data-provider="scenarios" finished-at="2026-03-28T22:50:35 IST" duration-ms="702" status="PASS">
          <params>
            <param index="0">
              <value>
                <![CDATA["User authentication with invalid credentials"]]>
              </value>
            </param>
            <param index="1">
              <value>
                <![CDATA["Optional[Login to the Hotel Booking API -Shady Meadows B&B API]"]]>
              </value>
            </param>
          </params>
          <reporter-output>
          </reporter-output>
        </test-method> <!-- runScenario -->
        <test-method signature="runScenario(io.cucumber.testng.PickleWrapper,io.cucumber.testng.FeatureWrapper)[pri:0, instance:com.booking.runners.TestRunner@402bba4f]" started-at="2026-03-28T22:50:35 IST" name="runScenario" description="Runs Cucumber Scenarios" data-provider="scenarios" finished-at="2026-03-28T22:50:35 IST" duration-ms="632" status="PASS">
          <params>
            <param index="0">
              <value>
                <![CDATA["User authentication with invalid credentials"]]>
              </value>
            </param>
            <param index="1">
              <value>
                <![CDATA["Optional[Login to the Hotel Booking API -Shady Meadows B&B API]"]]>
              </value>
            </param>
          </params>
          <reporter-output>
          </reporter-output>
        </test-method> <!-- runScenario -->
        <test-method signature="runScenario(io.cucumber.testng.PickleWrapper,io.cucumber.testng.FeatureWrapper)[pri:0, instance:com.booking.runners.TestRunner@402bba4f]" started-at="2026-03-28T22:50:35 IST" name="runScenario" description="Runs Cucumber Scenarios" data-provider="scenarios" finished-at="2026-03-28T22:50:36 IST" duration-ms="816" status="PASS">
          <params>
            <param index="0">
              <value>
                <![CDATA["Access protected resources without valid authentication"]]>
              </value>
            </param>
            <param index="1">
              <value>
                <![CDATA["Optional[Login to the Hotel Booking API -Shady Meadows B&B API]"]]>
              </value>
            </param>
          </params>
          <reporter-output>
          </reporter-output>
        </test-method> <!-- runScenario -->
        <test-method signature="runScenario(io.cucumber.testng.PickleWrapper,io.cucumber.testng.FeatureWrapper)[pri:0, instance:com.booking.runners.TestRunner@402bba4f]" started-at="2026-03-28T22:50:36 IST" name="runScenario" description="Runs Cucumber Scenarios" data-provider="scenarios" finished-at="2026-03-28T22:50:37 IST" duration-ms="629" status="PASS">
          <params>
            <param index="0">
              <value>
                <![CDATA["Verify token expiration time is set correctly"]]>
              </value>
            </param>
            <param index="1">
              <value>
                <![CDATA["Optional[Login to the Hotel Booking API -Shady Meadows B&B API]"]]>
              </value>
            </param>
          </params>
          <reporter-output>
          </reporter-output>
        </test-method> <!-- runScenario -->
        <test-method is-config="true" signature="tearDownClass()[pri:0, instance:com.booking.runners.TestRunner@402bba4f]" started-at="2026-03-28T22:50:37 IST" name="tearDownClass" finished-at="2026-03-28T22:50:39 IST" duration-ms="2721" status="PASS">
          <reporter-output>
          </reporter-output>
        </test-method> <!-- tearDownClass -->
      </class> <!-- com.booking.runners.TestRunner -->
    </test> <!-- API Booking Tests -->
  </suite> <!-- Cucumber Automation Test Suite -->
</testng-results>
