<?xml version="1.0" encoding="UTF-8"?>
<testsuite xmlns:xsi="http://www.w3.org/2001/XMLSchema-instance" xsi:noNamespaceSchemaLocation="https://maven.apache.org/surefire/maven-surefire-plugin/xsd/surefire-test-report-3.0.xsd" version="3.0" name="TestSuite" time="14.973" tests="11" errors="0" skipped="0" failures="0">
  <properties>
[...]
</properties>
  <testcase name="runScenario[&quot;User authentication with valid credentials&quot;, &quot;Optional[Login to the Hotel Booking API -Shady Meadows B&amp;B API]&quot;](1)" classname="com.booking.runners.TestRunner" time="4.474">
    <system-out><![CDATA[
@Login @api @positive @regression @authReg1
Scenario Outline: User authentication with valid credentials                    # src/test/resources/features/login.feature:21
22:50:26.492 [TestNG-tests-1] ERROR com.booking.utilities.ConfigReader - Error loading properties file: src\test\resources\config\application.properties (The system cannot find the file specified)
java.io.FileNotFoundException: src\test\resources\config\application.properties (The system cannot find the file specified)
	at java.io.FileInputStream.open0(Native Method) ~[?:?]
	at java.io.FileInputStream.open(FileInputStream.java:185) ~[?:?]
	at java.io.FileInputStream.<init>(FileInputStream.java:139) ~[?:?]
	at java.io.FileInputStream.<init>(FileInputStream.java:109) ~[?:?]
	at com.booking.utilities.ConfigReader.loadProperties(ConfigReader.java:26) [test-classes/:?]
	at com.booking.utilities.ConfigReader.<clinit>(ConfigReader.java:17) [test-classes/:?]
	at com.booking.utilities.APIUtility.<init>(APIUtility.java:31) [test-classes/:?]
	at com.booking.stepDefinitions.LoginAPIStepDefinition.<init>(LoginAPIStepDefinition.java:31) [test-classes/:?]
	at jdk.internal.reflect.DirectConstructorHandleAccessor.newInstance(DirectConstructorHandleAccessor.java:62) ~[?:?]
	at java.lang.reflect.Constructor.newInstanceWithCaller(Constructor.java:499) ~[?:?]
	at java.lang.reflect.Constructor.newInstance(Constructor.java:483) ~[?:?]
	at org.picocontainer.injectors.AbstractInjector.newInstance(AbstractInjector.java:145) [picocontainer-2.15.jar:?]
	at org.picocontainer.injectors.ConstructorInjector$1.run(ConstructorInjector.java:342) [picocontainer-2.15.jar:?]
	at org.picocontainer.injectors.AbstractInjector$ThreadLocalCyclicDependencyGuard.observe(AbstractInjector.java:270) [picocontainer-2.15.jar:?]
	at org.picocontainer.injectors.ConstructorInjector.getComponentInstance(ConstructorInjector.java:364) [picocontainer-2.15.jar:?]
	at org.picocontainer.injectors.AbstractInjectionFactory$LifecycleAdapter.getComponentInstance(AbstractInjectionFactory.java:56) [picocontainer-2.15.jar:?]
	at org.picocontainer.behaviors.AbstractBehavior.getComponentInstance(AbstractBehavior.java:64) [picocontainer-2.15.jar:?]
	at org.picocontainer.behaviors.Stored.getComponentInstance(Stored.java:91) [picocontainer-2.15.jar:?]
	at org.picocontainer.DefaultPicoContainer.getInstance(DefaultPicoContainer.java:699) [picocontainer-2.15.jar:?]
	at org.picocontainer.DefaultPicoContainer.getComponent(DefaultPicoContainer.java:647) [picocontainer-2.15.jar:?]
	at org.picocontainer.DefaultPicoContainer.getComponent(DefaultPicoContainer.java:678) [picocontainer-2.15.jar:?]
	at io.cucumber.picocontainer.PicoFactory.getInstance(PicoFactory.java:49) [cucumber-picocontainer-6.10.4.jar:6.10.4]
	at io.cucumber.java.AbstractGlueDefinition.invokeMethod(AbstractGlueDefinition.java:47) [cucumber-java-6.10.4.jar:6.10.4]
	at io.cucumber.java.JavaStepDefinition.execute(JavaStepDefinition.java:29) [cucumber-java-6.10.4.jar:6.10.4]
	at io.cucumber.core.runner.CoreStepDefinition.execute(CoreStepDefinition.java:66) [cucumber-core-6.10.4.jar:6.10.4]
	at io.cucumber.core.runner.PickleStepDefinitionMatch.runStep(PickleStepDefinitionMatch.java:63) [cucumber-core-6.10.4.jar:6.10.4]
	at io.cucumber.core.runner.ExecutionMode$1.execute(ExecutionMode.java:10) [cucumber-core-6.10.4.jar:6.10.4]
	at io.cucumber.core.runner.TestStep.executeStep(TestStep.java:92) [cucumber-core-6.10.4.jar:6.10.4]
	at io.cucumber.core.runner.TestStep.run(TestStep.java:64) [cucumber-core-6.10.4.jar:6.10.4]
	at io.cucumber.core.runner.PickleStepTestStep.run(PickleStepTestStep.java:51) [cucumber-core-6.10.4.jar:6.10.4]
	at io.cucumber.core.runner.TestCase.run(TestCase.java:104) [cucumber-core-6.10.4.jar:6.10.4]
	at io.cucumber.core.runner.Runner.runPickle(Runner.java:73) [cucumber-core-6.10.4.jar:6.10.4]
	at io.cucumber.testng.TestNGCucumberRunner.lambda$runScenario$0(TestNGCucumberRunner.java:117) [cucumber-testng-6.10.4.jar:6.10.4]
	at io.cucumber.core.runtime.CucumberExecutionContext.runTestCase(CucumberExecutionContext.java:117) [cucumber-core-6.10.4.jar:6.10.4]
	at io.cucumber.testng.TestNGCucumberRunner.runScenario(TestNGCucumberRunner.java:114) [cucumber-testng-6.10.4.jar:6.10.4]
	at io.cucumber.testng.AbstractTestNGCucumberTests.runScenario(AbstractTestNGCucumberTests.java:31) [cucumber-testng-6.10.4.jar:6.10.4]
	at jdk.internal.reflect.DirectMethodHandleAccessor.invoke(DirectMethodHandleAccessor.java:104) ~[?:?]
	at java.lang.reflect.Method.invoke(Method.java:565) ~[?:?]
	at org.testng.internal.MethodInvocationHelper.invokeMethod(MethodInvocationHelper.java:133) [testng-7.4.0.jar:7.4.0]
	at org.testng.internal.TestInvoker.invokeMethod(TestInvoker.java:598) [testng-7.4.0.jar:7.4.0]
	at org.testng.internal.TestInvoker.invokeTestMethod(TestInvoker.java:173) [testng-7.4.0.jar:7.4.0]
	at org.testng.internal.MethodRunner.runInSequence(MethodRunner.java:46) [testng-7.4.0.jar:7.4.0]
	at org.testng.internal.TestInvoker$MethodInvocationAgent.invoke(TestInvoker.java:824) [testng-7.4.0.jar:7.4.0]
	at org.testng.internal.TestInvoker.invokeTestMethods(TestInvoker.java:146) [testng-7.4.0.jar:7.4.0]
	at org.testng.internal.TestMethodWorker.invokeTestMethods(TestMethodWorker.java:146) [testng-7.4.0.jar:7.4.0]
	at org.testng.internal.TestMethodWorker.run(TestMethodWorker.java:128) [testng-7.4.0.jar:7.4.0]
	at java.util.ArrayList.forEach(ArrayList.java:1612) [?:?]
	at org.testng.TestRunner.privateRun(TestRunner.java:794) [testng-7.4.0.jar:7.4.0]
	at org.testng.TestRunner.run(TestRunner.java:596) [testng-7.4.0.jar:7.4.0]
	at org.testng.SuiteRunner.runTest(SuiteRunner.java:377) [testng-7.4.0.jar:7.4.0]
	at org.testng.SuiteRunner.access$000(SuiteRunner.java:28) [testng-7.4.0.jar:7.4.0]
	at org.testng.SuiteRunner$SuiteWorker.run(SuiteRunner.java:418) [testng-7.4.0.jar:7.4.0]
	at org.testng.internal.thread.ThreadUtil.lambda$execute$0(ThreadUtil.java:64) [testng-7.4.0.jar:7.4.0]
	at java.util.concurrent.FutureTask.run(FutureTask.java:330) [?:?]
	at java.util.concurrent.ThreadPoolExecutor.runWorker(ThreadPoolExecutor.java:1090) [?:?]
	at java.util.concurrent.ThreadPoolExecutor$Worker.run(ThreadPoolExecutor.java:614) [?:?]
	at java.lang.Thread.run(Thread.java:1516) [?:?]
{password=password, username=admin}
Request method:	POST
Request URI:	https://automationintesting.online/api/auth/login
Proxy:			<none>
Request params:	<none>
Query params:	<none>
Form params:	<none>
Path params:	<none>
Headers:		Accept=application/json, application/javascript, text/javascript, text/json
				Content-Type=application/json; charset=UTF-8
Cookies:		<none>
Multiparts:		<none>
Body:
{
    "password": "password",
    "username": "admin"
}
HTTP/1.1 200 OK
Date: Sat, 28 Mar 2026 17:20:29 GMT
Content-Type: application/json
Transfer-Encoding: chunked
Connection: keep-alive
Server: cloudflare
vary: rsc, next-router-state-tree, next-router-prefetch, next-router-segment-prefetch
x-railway-edge: railway/asia-southeast1-eqsg3a
x-railway-request-id: 7HiQEPyeT3eu-OWnV7rehQ
x-railway-cdn-edge: fastly/cache-sin-wsat1880025-SIN
x-cache: MISS
x-cache-hits: 0
x-served-by: cache-sin-wsat1880025-SIN
cf-cache-status: DYNAMIC
Nel: {"report_to":"cf-nel","success_fraction":0.0,"max_age":604800}
Report-To: {"group":"cf-nel","max_age":604800,"endpoints":[{"url":"https://a.nel.cloudflare.com/report/v4?s=S7PDXsXdsmoRJk%2BiBgKw3g%2FpvR7dsc9mcTnijP9ZrZ3F%2Bib0mFRRWan7lJj%2F7vXzxxgh%2BEV%2BzYPhIPrIEA0eew7Ope9fLBm5hJrK%2B1QufDYzK43KOjwEFfSH4X4cp18chZB9PmagRlkylUwwlw%3D%3D"}]}
Content-Encoding: gzip
CF-RAY: 9e384e42ce609f98-SIN
alt-svc: h3=":443"; ma=86400

{
    "token": "IQn9kyk9Jp3YORjl"
}
  When User authenticates as user with username "admin" and password "password" # com.booking.stepDefinitions.LoginAPIStepDefinition.user_authenticates_as_user(java.lang.String,java.lang.String)
  Then API response status code should be 200                                   # com.booking.stepDefinitions.LoginAPIStepDefinition.API_response_status_code_should_be(int)
Authentication Token: IQn9kyk9Jp3YORjl
Response Status Code: 200
  And Response should contain a valid authentication token                      # com.booking.stepDefinitions.LoginAPIStepDefinition.Response_should_contain_a_valid_authentication_token()
  And Token should not be empty                                                 # com.booking.stepDefinitions.LoginAPIStepDefinition.Token_should_not_be_empty()
]]></system-out>
  </testcase>
  <testcase name="runScenario[&quot;User authentication with invalid credentials&quot;, &quot;Optional[Login to the Hotel Booking API -Shady Meadows B&amp;B API]&quot;](2)" classname="com.booking.runners.TestRunner" time="0.917">
    <system-out><![CDATA[
@Login @api @negative @regression @authReg2
Scenario Outline: User authentication with invalid credentials                       # src/test/resources/features/login.feature:34
{password=wrongpassword, username=admin}
Request method:	POST
Request URI:	https://automationintesting.online/api/auth/login
Proxy:			<none>
Request params:	<none>
Query params:	<none>
Form params:	<none>
Path params:	<none>
Headers:		Accept=application/json, application/javascript, text/javascript, text/json
				Content-Type=application/json; charset=UTF-8
Cookies:		<none>
Multiparts:		<none>
Body:
{
    "password": "wrongpassword",
    "username": "admin"
}
HTTP/1.1 401 Unauthorized
Date: Sat, 28 Mar 2026 17:20:30 GMT
Content-Type: application/json
Transfer-Encoding: chunked
Connection: keep-alive
Server: cloudflare
vary: rsc, next-router-state-tree, next-router-prefetch, next-router-segment-prefetch
x-railway-edge: railway/asia-southeast1-eqsg3a
x-railway-request-id: oSOAeA5ZSfWPYGP5DcO5xA
x-railway-cdn-edge: fastly/cache-sin-wsat1880038-SIN
x-cache: MISS
x-cache-hits: 0
x-served-by: cache-sin-wsat1880038-SIN
cf-cache-status: DYNAMIC
Nel: {"report_to":"cf-nel","success_fraction":0.0,"max_age":604800}
Report-To: {"group":"cf-nel","max_age":604800,"endpoints":[{"url":"https://a.nel.cloudflare.com/report/v4?s=rIVW5Gs%2BaOTV62G8Qs27OviTeS9OX98PPtX5OREKeLrzHvzZ33rXzvOfPVUEjNcW7dUDdhJHqCcHF3ksVlW%2F7KFYV4jNXIwBFu9owoa5pVp3ydHGGr%2B2zo5nrhDguGvuWaOOHo7cKnRhJCjFoA%3D%3D"}]}
CF-RAY: 9e384e4d4fd081fe-SIN
alt-svc: h3=":443"; ma=86400

{
    "error": "Invalid credentials"
}
  When User authenticates as user with username "admin" and password "wrongpassword" # com.booking.stepDefinitions.LoginAPIStepDefinition.user_authenticates_as_user(java.lang.String,java.lang.String)
  Then API response status code should be 401                                        # com.booking.stepDefinitions.LoginAPIStepDefinition.API_response_status_code_should_be(int)
  And Response should indicate "Invalid credentials"                                 # com.booking.stepDefinitions.LoginAPIStepDefinition.Response_should_indicate(java.lang.String)
  And Response should not contain authentication token                               # com.booking.stepDefinitions.LoginAPIStepDefinition.Response_should_not_contain_authentication_token()
]]></system-out>
  </testcase>
  <testcase name="runScenario[&quot;User authentication with invalid credentials&quot;, &quot;Optional[Login to the Hotel Booking API -Shady Meadows B&amp;B API]&quot;](3)" classname="com.booking.runners.TestRunner" time="0.507">
    <system-out><![CDATA[
@Login @api @negative @regression @authReg2
Scenario Outline: User authentication with invalid credentials                        # src/test/resources/features/login.feature:35
{password=password, username=invaliduser}
Request method:	POST
Request URI:	https://automationintesting.online/api/auth/login
Proxy:			<none>
Request params:	<none>
Query params:	<none>
Form params:	<none>
Path params:	<none>
Headers:		Accept=application/json, application/javascript, text/javascript, text/json
				Content-Type=application/json; charset=UTF-8
Cookies:		<none>
Multiparts:		<none>
Body:
{
    "password": "password",
    "username": "invaliduser"
}
HTTP/1.1 401 Unauthorized
Date: Sat, 28 Mar 2026 17:20:31 GMT
Content-Type: application/json
Transfer-Encoding: chunked
Connection: keep-alive
Server: cloudflare
vary: rsc, next-router-state-tree, next-router-prefetch, next-router-segment-prefetch
x-railway-edge: railway/asia-southeast1-eqsg3a
x-railway-request-id: Ag8R_b3ARzeesbpUDcO5xA
x-railway-cdn-edge: fastly/cache-sin-wsat1880045-SIN
x-cache: MISS
x-cache-hits: 0
x-served-by: cache-sin-wsat1880045-SIN
cf-cache-status: DYNAMIC
Nel: {"report_to":"cf-nel","success_fraction":0.0,"max_age":604800}
Report-To: {"group":"cf-nel","max_age":604800,"endpoints":[{"url":"https://a.nel.cloudflare.com/report/v4?s=iPmuucdOC%2FHPhul%2BdxYrpemQTlCp9LocCkoLSwb3elqkJlG%2FtqA5%2F7AHTdYsoJqOKS1GCSHxJcybtz0aDtaAIOAy9xULjPsCVyKWhuQb12pdywFnlhy6i4V3sxONJdqqHY2KPvxMWwNuqQszMg%3D%3D"}]}
CF-RAY: 9e384e52c95b3e4d-SIN
alt-svc: h3=":443"; ma=86400

{
    "error": "Invalid credentials"
}
  When User authenticates as user with username "invaliduser" and password "password" # com.booking.stepDefinitions.LoginAPIStepDefinition.user_authenticates_as_user(java.lang.String,java.lang.String)
  Then API response status code should be 401                                         # com.booking.stepDefinitions.LoginAPIStepDefinition.API_response_status_code_should_be(int)
  And Response should indicate "Invalid credentials"                                  # com.booking.stepDefinitions.LoginAPIStepDefinition.Response_should_indicate(java.lang.String)
  And Response should not contain authentication token                                # com.booking.stepDefinitions.LoginAPIStepDefinition.Response_should_not_contain_authentication_token()
]]></system-out>
  </testcase>
  <testcase name="runScenario[&quot;User authentication with invalid credentials&quot;, &quot;Optional[Login to the Hotel Booking API -Shady Meadows B&amp;B API]&quot;](4)" classname="com.booking.runners.TestRunner" time="0.615">
    <system-out><![CDATA[
@Login @api @negative @regression @authReg2
Scenario Outline: User authentication with invalid credentials             # src/test/resources/features/login.feature:36
{password=password, username=}
Request method:	POST
Request URI:	https://automationintesting.online/api/auth/login
Proxy:			<none>
Request params:	<none>
Query params:	<none>
Form params:	<none>
Path params:	<none>
Headers:		Accept=application/json, application/javascript, text/javascript, text/json
				Content-Type=application/json; charset=UTF-8
Cookies:		<none>
Multiparts:		<none>
Body:
{
    "password": "password",
    "username": ""
}
HTTP/1.1 401 Unauthorized
Date: Sat, 28 Mar 2026 17:20:32 GMT
Content-Type: application/json
Transfer-Encoding: chunked
Connection: keep-alive
Server: cloudflare
vary: rsc, next-router-state-tree, next-router-prefetch, next-router-segment-prefetch
x-railway-edge: railway/asia-southeast1-eqsg3a
x-railway-request-id: grN8E-GYSL-7-w85JH0Vcg
x-railway-cdn-edge: fastly/cache-sin-wsat1880044-SIN
x-cache: MISS
x-cache-hits: 0
x-served-by: cache-sin-wsat1880044-SIN
cf-cache-status: DYNAMIC
Nel: {"report_to":"cf-nel","success_fraction":0.0,"max_age":604800}
Report-To: {"group":"cf-nel","max_age":604800,"endpoints":[{"url":"https://a.nel.cloudflare.com/report/v4?s=1suBCiz4uyiMzDvWop83HChqdlXdxIobYkqohVlM1A1%2FALV6Cy8FK0VZmHmqO7QqUCBOnn5z562BB%2FdiFfSTWKDCv44JjVLVri0uf1zBbvsST8YuXOnYL06NRnFYRFatl9gX0Ar%2Fbp%2ByUrVcVg%3D%3D"}]}
CF-RAY: 9e384e55ea3df906-SIN
alt-svc: h3=":443"; ma=86400

{
    "error": "Invalid credentials"
}
  When User authenticates as user with username "" and password "password" # com.booking.stepDefinitions.LoginAPIStepDefinition.user_authenticates_as_user(java.lang.String,java.lang.String)
  Then API response status code should be 401                              # com.booking.stepDefinitions.LoginAPIStepDefinition.API_response_status_code_should_be(int)
  And Response should indicate "Invalid credentials"                       # com.booking.stepDefinitions.LoginAPIStepDefinition.Response_should_indicate(java.lang.String)
  And Response should not contain authentication token                     # com.booking.stepDefinitions.LoginAPIStepDefinition.Response_should_not_contain_authentication_token()
]]></system-out>
  </testcase>
  <testcase name="runScenario[&quot;User authentication with invalid credentials&quot;, &quot;Optional[Login to the Hotel Booking API -Shady Meadows B&amp;B API]&quot;](5)" classname="com.booking.runners.TestRunner" time="0.59">
    <system-out><![CDATA[
@Login @api @negative @regression @authReg2
Scenario Outline: User authentication with invalid credentials          # src/test/resources/features/login.feature:37
{password=, username=admin}
Request method:	POST
Request URI:	https://automationintesting.online/api/auth/login
Proxy:			<none>
Request params:	<none>
Query params:	<none>
Form params:	<none>
Path params:	<none>
Headers:		Accept=application/json, application/javascript, text/javascript, text/json
				Content-Type=application/json; charset=UTF-8
Cookies:		<none>
Multiparts:		<none>
Body:
{
    "password": "",
    "username": "admin"
}
HTTP/1.1 401 Unauthorized
Date: Sat, 28 Mar 2026 17:20:32 GMT
Content-Type: application/json
Transfer-Encoding: chunked
Connection: keep-alive
Server: cloudflare
vary: rsc, next-router-state-tree, next-router-prefetch, next-router-segment-prefetch
x-railway-edge: railway/asia-southeast1-eqsg3a
x-railway-request-id: a_EHV5doSginKHafVOLIQQ
x-railway-cdn-edge: fastly/cache-sin-wsap440021-SIN
x-cache: MISS
x-cache-hits: 0
x-served-by: cache-sin-wsap440021-SIN
cf-cache-status: DYNAMIC
Nel: {"report_to":"cf-nel","success_fraction":0.0,"max_age":604800}
Report-To: {"group":"cf-nel","max_age":604800,"endpoints":[{"url":"https://a.nel.cloudflare.com/report/v4?s=opMiOb4w5Ky24RYAnDYXM4NWfefgXfnfO4RyxmZ9Mz8rDanctyMNgDSoGYmVLA9VNSNjDbAdKmiZQCG72ua5JGczIWHObTTTxp%2BHh26z4%2FNpFEctlFtQCJ9cgBUH34d7KM4Kbz2K6MQLYUkmGg%3D%3D"}]}
CF-RAY: 9e384e5a19550bfb-SIN
alt-svc: h3=":443"; ma=86400

{
    "error": "Invalid credentials"
}
  When User authenticates as user with username "admin" and password "" # com.booking.stepDefinitions.LoginAPIStepDefinition.user_authenticates_as_user(java.lang.String,java.lang.String)
  Then API response status code should be 401                           # com.booking.stepDefinitions.LoginAPIStepDefinition.API_response_status_code_should_be(int)
  And Response should indicate "Invalid credentials"                    # com.booking.stepDefinitions.LoginAPIStepDefinition.Response_should_indicate(java.lang.String)
  And Response should not contain authentication token                  # com.booking.stepDefinitions.LoginAPIStepDefinition.Response_should_not_contain_authentication_token()
]]></system-out>
  </testcase>
  <testcase name="runScenario[&quot;User authentication with invalid credentials&quot;, &quot;Optional[Login to the Hotel Booking API -Shady Meadows B&amp;B API]&quot;](6)" classname="com.booking.runners.TestRunner" time="0.64">
    <system-out><![CDATA[
@Login @api @negative @regression @authReg2
Scenario Outline: User authentication with invalid credentials     # src/test/resources/features/login.feature:38
{password=, username=}
Request method:	POST
Request URI:	https://automationintesting.online/api/auth/login
Proxy:			<none>
Request params:	<none>
Query params:	<none>
Form params:	<none>
Path params:	<none>
Headers:		Accept=application/json, application/javascript, text/javascript, text/json
				Content-Type=application/json; charset=UTF-8
Cookies:		<none>
Multiparts:		<none>
Body:
{
    "password": "",
    "username": ""
}
HTTP/1.1 401 Unauthorized
Date: Sat, 28 Mar 2026 17:20:33 GMT
Content-Type: application/json
Transfer-Encoding: chunked
Connection: keep-alive
Server: cloudflare
vary: rsc, next-router-state-tree, next-router-prefetch, next-router-segment-prefetch
x-railway-edge: railway/asia-southeast1-eqsg3a
x-railway-request-id: _b3wOrmaTkqnbSk4mrpb1w
x-railway-cdn-edge: fastly/cache-sin-wsat1880044-SIN
x-cache: MISS
x-cache-hits: 0
x-served-by: cache-sin-wsat1880044-SIN
cf-cache-status: DYNAMIC
Nel: {"report_to":"cf-nel","success_fraction":0.0,"max_age":604800}
Report-To: {"group":"cf-nel","max_age":604800,"endpoints":[{"url":"https://a.nel.cloudflare.com/report/v4?s=TDXDBAqloUQqogdD6tqXz7LeqQKbEwAOQgUu7je19kmfmZ6xqrNOsYqG16UgMagpt7i8WKwlggFwseVib0YQmtiF2uM9PytMhoiNSIkAjXjPQ9JindzISqubrOR%2BmDcXidXgxVap7rVTAnU%2BKg%3D%3D"}]}
CF-RAY: 9e384e5dae51f8ff-SIN
alt-svc: h3=":443"; ma=86400

{
    "error": "Invalid credentials"
}
  When User authenticates as user with username "" and password "" # com.booking.stepDefinitions.LoginAPIStepDefinition.user_authenticates_as_user(java.lang.String,java.lang.String)
  Then API response status code should be 401                      # com.booking.stepDefinitions.LoginAPIStepDefinition.API_response_status_code_should_be(int)
  And Response should indicate "Invalid credentials"               # com.booking.stepDefinitions.LoginAPIStepDefinition.Response_should_indicate(java.lang.String)
  And Response should not contain authentication token             # com.booking.stepDefinitions.LoginAPIStepDefinition.Response_should_not_contain_authentication_token()
]]></system-out>
  </testcase>
  <testcase name="runScenario[&quot;User authentication with invalid credentials&quot;, &quot;Optional[Login to the Hotel Booking API -Shady Meadows B&amp;B API]&quot;](7)" classname="com.booking.runners.TestRunner" time="0.704">
    <system-out><![CDATA[
@Login @api @negative @regression @authReg2
Scenario Outline: User authentication with invalid credentials                             # src/test/resources/features/login.feature:39
{password=password, username=admin' OR '1'='1}
Request method:	POST
Request URI:	https://automationintesting.online/api/auth/login
Proxy:			<none>
Request params:	<none>
Query params:	<none>
Form params:	<none>
Path params:	<none>
Headers:		Accept=application/json, application/javascript, text/javascript, text/json
				Content-Type=application/json; charset=UTF-8
Cookies:		<none>
Multiparts:		<none>
Body:
{
    "password": "password",
    "username": "admin' OR '1'='1"
}
HTTP/1.1 401 Unauthorized
Date: Sat, 28 Mar 2026 17:20:33 GMT
Content-Type: application/json
Transfer-Encoding: chunked
Connection: keep-alive
Server: cloudflare
vary: rsc, next-router-state-tree, next-router-prefetch, next-router-segment-prefetch
x-railway-edge: railway/asia-southeast1-eqsg3a
x-railway-request-id: Re3T9tjfSfmfWjlnipRofQ
x-railway-cdn-edge: fastly/cache-sin-wsat1880090-SIN
x-cache: MISS
x-cache-hits: 0
x-served-by: cache-sin-wsat1880090-SIN
cf-cache-status: DYNAMIC
Nel: {"report_to":"cf-nel","success_fraction":0.0,"max_age":604800}
Report-To: {"group":"cf-nel","max_age":604800,"endpoints":[{"url":"https://a.nel.cloudflare.com/report/v4?s=qYIGDz3cyQPj5fmCS6Bo1%2BKjlMpUYgQ94CzGX67vbjuC26g2t7ZmHF1w4T14IogZ77J7qNZwAweEf%2Fpy6vJKYhb1KgbzLPedPfsLYX6%2BJ1sdAz9by%2FO1ki6%2B8ppToH4OoBqIH3ofDdtEj9UxFA%3D%3D"}]}
CF-RAY: 9e384e61c9b66593-SIN
alt-svc: h3=":443"; ma=86400

{
    "error": "Invalid credentials"
}
  When User authenticates as user with username "admin' OR '1'='1" and password "password" # com.booking.stepDefinitions.LoginAPIStepDefinition.user_authenticates_as_user(java.lang.String,java.lang.String)
  Then API response status code should be 401                                              # com.booking.stepDefinitions.LoginAPIStepDefinition.API_response_status_code_should_be(int)
  And Response should indicate "Invalid credentials"                                       # com.booking.stepDefinitions.LoginAPIStepDefinition.Response_should_indicate(java.lang.String)
  And Response should not contain authentication token                                     # com.booking.stepDefinitions.LoginAPIStepDefinition.Response_should_not_contain_authentication_token()
]]></system-out>
  </testcase>
  <testcase name="runScenario[&quot;User authentication with invalid credentials&quot;, &quot;Optional[Login to the Hotel Booking API -Shady Meadows B&amp;B API]&quot;](8)" classname="com.booking.runners.TestRunner" time="0.699">
    <system-out><![CDATA[
@Login @api @negative @regression @authReg2
Scenario Outline: User authentication with invalid credentials                     # src/test/resources/features/login.feature:40
{password=' OR '1'='1, username=admin}
Request method:	POST
Request URI:	https://automationintesting.online/api/auth/login
Proxy:			<none>
Request params:	<none>
Query params:	<none>
Form params:	<none>
Path params:	<none>
Headers:		Accept=application/json, application/javascript, text/javascript, text/json
				Content-Type=application/json; charset=UTF-8
Cookies:		<none>
Multiparts:		<none>
Body:
{
    "password": "' OR '1'='1",
    "username": "admin"
}
HTTP/1.1 401 Unauthorized
Date: Sat, 28 Mar 2026 17:20:34 GMT
Content-Type: application/json
Transfer-Encoding: chunked
Connection: keep-alive
Server: cloudflare
vary: rsc, next-router-state-tree, next-router-prefetch, next-router-segment-prefetch
x-railway-edge: railway/asia-southeast1-eqsg3a
x-railway-request-id: aPWKwsaXTQyLH88Jmrpb1w
x-railway-cdn-edge: fastly/cache-sin-wsat1880081-SIN
x-cache: MISS
x-cache-hits: 0
x-served-by: cache-sin-wsat1880081-SIN
cf-cache-status: DYNAMIC
Nel: {"report_to":"cf-nel","success_fraction":0.0,"max_age":604800}
Report-To: {"group":"cf-nel","max_age":604800,"endpoints":[{"url":"https://a.nel.cloudflare.com/report/v4?s=pKW4ci%2FhTy%2FYHmIr4tvmW3MB0XkDTF8uL38vWZ5xWtLHPPz8sLNEFV1zwZDw3jRzsRvEOaBskbbMuLrvMw%2B9V15SIZNVt9a9v94HTsGa1x3IuGLHzsvJ3SeAkvpX2yRw53ws6CphlL6lMd1Nwg%3D%3D"}]}
CF-RAY: 9e384e65eda34497-SIN
alt-svc: h3=":443"; ma=86400

{
    "error": "Invalid credentials"
}
  When User authenticates as user with username "admin" and password "' OR '1'='1" # com.booking.stepDefinitions.LoginAPIStepDefinition.user_authenticates_as_user(java.lang.String,java.lang.String)
  Then API response status code should be 401                                      # com.booking.stepDefinitions.LoginAPIStepDefinition.API_response_status_code_should_be(int)
  And Response should indicate "Invalid credentials"                               # com.booking.stepDefinitions.LoginAPIStepDefinition.Response_should_indicate(java.lang.String)
  And Response should not contain authentication token                             # com.booking.stepDefinitions.LoginAPIStepDefinition.Response_should_not_contain_authentication_token()
]]></system-out>
  </testcase>
  <testcase name="runScenario[&quot;User authentication with invalid credentials&quot;, &quot;Optional[Login to the Hotel Booking API -Shady Meadows B&amp;B API]&quot;](9)" classname="com.booking.runners.TestRunner" time="0.636">
    <system-out><![CDATA[
@Login @api @negative @regression @authReg2
Scenario Outline: User authentication with invalid credentials                  # src/test/resources/features/login.feature:41
{password=PASSWORD, username=admin}
Request method:	POST
Request URI:	https://automationintesting.online/api/auth/login
Proxy:			<none>
Request params:	<none>
Query params:	<none>
Form params:	<none>
Path params:	<none>
Headers:		Accept=application/json, application/javascript, text/javascript, text/json
				Content-Type=application/json; charset=UTF-8
Cookies:		<none>
Multiparts:		<none>
Body:
{
    "password": "PASSWORD",
    "username": "admin"
}
HTTP/1.1 401 Unauthorized
Date: Sat, 28 Mar 2026 17:20:35 GMT
Content-Type: application/json
Transfer-Encoding: chunked
Connection: keep-alive
Server: cloudflare
vary: rsc, next-router-state-tree, next-router-prefetch, next-router-segment-prefetch
x-railway-edge: railway/asia-southeast1-eqsg3a
x-railway-request-id: j3me3Fd_QMiON44voB_USg
x-railway-cdn-edge: fastly/cache-sin-wsap440021-SIN
x-cache: MISS
x-cache-hits: 0
x-served-by: cache-sin-wsap440021-SIN
cf-cache-status: DYNAMIC
Nel: {"report_to":"cf-nel","success_fraction":0.0,"max_age":604800}
Report-To: {"group":"cf-nel","max_age":604800,"endpoints":[{"url":"https://a.nel.cloudflare.com/report/v4?s=KI4%2F8kAMfpf%2FN%2BhvG14DYgP5lEcxco9gkSJUEIVph2iOAX9tgLM9x6k%2FGCgEcajZYxK23%2B13ATdr9M8OhkqbtIzK11kodzy4ZiYyXdrFALEeb06nj2i3oZbw3VbZ%2BtSl6QpsaU7LSy0XOOEYCQ%3D%3D"}]}
CF-RAY: 9e384e6a492cb865-SIN
alt-svc: h3=":443"; ma=86400

{
    "error": "Invalid credentials"
}
  When User authenticates as user with username "admin" and password "PASSWORD" # com.booking.stepDefinitions.LoginAPIStepDefinition.user_authenticates_as_user(java.lang.String,java.lang.String)
  Then API response status code should be 401                                   # com.booking.stepDefinitions.LoginAPIStepDefinition.API_response_status_code_should_be(int)
  And Response should indicate "Invalid credentials"                            # com.booking.stepDefinitions.LoginAPIStepDefinition.Response_should_indicate(java.lang.String)
  And Response should not contain authentication token                          # com.booking.stepDefinitions.LoginAPIStepDefinition.Response_should_not_contain_authentication_token()
]]></system-out>
  </testcase>
  <testcase name="runScenario[&quot;Access protected resources without valid authentication&quot;, &quot;Optional[Login to the Hotel Booking API -Shady Meadows B&amp;B API]&quot;](10)" classname="com.booking.runners.TestRunner" time="0.813">
    <system-out><![CDATA[
@Login @api @negative @authReg3
Scenario Outline: Access protected resources without valid authentication # src/test/resources/features/login.feature:51
Request method:	GET
Request URI:	https://automationintesting.online/api/report
Proxy:			<none>
Request params:	<none>
Query params:	<none>
Form params:	<none>
Path params:	<none>
Headers:		Accept=application/json, application/javascript, text/javascript, text/json
				Content-Type=application/json; charset=UTF-8
Cookies:		<none>
Multiparts:		<none>
Body:			<none>
HTTP/1.1 401 Unauthorized
Date: Sat, 28 Mar 2026 17:20:36 GMT
Content-Type: application/json
Transfer-Encoding: chunked
Connection: keep-alive
Server: cloudflare
vary: rsc, next-router-state-tree, next-router-prefetch, next-router-segment-prefetch
x-railway-edge: railway/asia-southeast1-eqsg3a
x-railway-request-id: vhQ3OGvSSPmC1qV8V7rehQ
x-railway-cdn-edge: fastly/cache-sin-wsat1880038-SIN
x-cache: MISS
x-cache-hits: 0
x-served-by: cache-sin-wsat1880038-SIN
cf-cache-status: DYNAMIC
Nel: {"report_to":"cf-nel","success_fraction":0.0,"max_age":604800}
Report-To: {"group":"cf-nel","max_age":604800,"endpoints":[{"url":"https://a.nel.cloudflare.com/report/v4?s=zEE8xMhDGd0qjYohjGN1KTCUo%2BXpMSuIS1xHrOFP9HM%2B7ZfUbY5ZJQkifLsdSsVqy4CFWjsRAHlz8W2OwJKOF4SNo2bu3bDRPWTlnYbvNucSSOXY5nhvy%2FXxgTVEBsYgEW1Vvfy9PAq3E17YPA%3D%3D"}]}
CF-RAY: 9e384e6e88de81fc-SIN
alt-svc: h3=":443"; ma=86400

{
    "error": "Authentication required"
}
{"error":"Authentication required"}
  When User "requests booking report without authentication token"        # com.booking.stepDefinitions.LoginAPIStepDefinition.User(java.lang.String)
  Then API response status code should be 401                             # com.booking.stepDefinitions.LoginAPIStepDefinition.API_response_status_code_should_be(int)
  And Response should indicate "Authentication required"                  # com.booking.stepDefinitions.LoginAPIStepDefinition.Response_should_indicate(java.lang.String)
]]></system-out>
  </testcase>
  <testcase name="runScenario[&quot;Verify token expiration time is set correctly&quot;, &quot;Optional[Login to the Hotel Booking API -Shady Meadows B&amp;B API]&quot;](11)" classname="com.booking.runners.TestRunner" time="0.629">
    <system-out><![CDATA[
@Login @api @negative @authReg4
Scenario Outline: Verify token expiration time is set correctly                 # src/test/resources/features/login.feature:62
{password=password, username=admin}
Request method:	POST
Request URI:	https://automationintesting.online/api/auth/login
Proxy:			<none>
Request params:	<none>
Query params:	<none>
Form params:	<none>
Path params:	<none>
Headers:		Accept=application/json, application/javascript, text/javascript, text/json
				Content-Type=application/json; charset=UTF-8
Cookies:		<none>
Multiparts:		<none>
Body:
{
    "password": "password",
    "username": "admin"
}
HTTP/1.1 200 OK
Date: Sat, 28 Mar 2026 17:20:36 GMT
Content-Type: application/json
Transfer-Encoding: chunked
Connection: keep-alive
Server: cloudflare
vary: rsc, next-router-state-tree, next-router-prefetch, next-router-segment-prefetch
x-railway-edge: railway/asia-southeast1-eqsg3a
x-railway-request-id: zq8E1n2AT9KnBnRSAXC71g
x-railway-cdn-edge: fastly/cache-sin-wsap440042-SIN
x-cache: MISS
x-cache-hits: 0
x-served-by: cache-sin-wsap440042-SIN
cf-cache-status: DYNAMIC
Nel: {"report_to":"cf-nel","success_fraction":0.0,"max_age":604800}
Report-To: {"group":"cf-nel","max_age":604800,"endpoints":[{"url":"https://a.nel.cloudflare.com/report/v4?s=NGet85vgC5%2B1EHSq8%2FpAoP3vOu%2FAr1dOKeQwGO8Er%2F%2BHvyTAGGBDTtMBuyNu2ptabc5HIvc%2BLaupy80iHcEv%2BXQ14M%2F%2BvRxHRh%2Bwh9ezu893ZCUSfX3MbKP5w5PxYUvSfIB4Tj66C3i58s7%2FJg%3D%3D"}]}
Content-Encoding: gzip
CF-RAY: 9e384e733bcdccce-SIN
alt-svc: h3=":443"; ma=86400

{
    "token": "DorrN9sUL1vOuy0O"
}
  When User authenticates as user with username "admin" and password "password" # com.booking.stepDefinitions.LoginAPIStepDefinition.user_authenticates_as_user(java.lang.String,java.lang.String)
  Then API response should contain token expiration time                        # com.booking.stepDefinitions.LoginAPIStepDefinition.API_response_should_contain_token_expiration_time()
  And Token expiration should be in the future                                  # com.booking.stepDefinitions.LoginAPIStepDefinition.Token_expiration_should_be_in_the_future()
]]></system-out>
  </testcase>
</testsuite>