-------------------------------------------------------------------------------
Test set: TestSuite
-------------------------------------------------------------------------------
Tests run: 9, Failures: 3, Errors: 0, Skipped: 0, Time elapsed: 56.67 s <<< FAILURE! - in TestSuite
com.booking.runners.TestRunner.runScenario["Check room availability with invalid date formats and ranges", "Optional[Check Room Availability API]"](7)  Time elapsed: 1.221 s  <<< FAILURE!
java.lang.AssertionError: Response status code mismatch. Expected: 400 Actual: 200 Body: {"rooms":[{"roomid":1,"roomName":"101","type":"Single","accessible":true,"image":"/images/room1.jpg","description":"Aenean porttitor mauris sit amet lacinia molestie. In posuere accumsan aliquet. Maecenas sit amet nisl massa. Interdum et malesuada fames ac ante.","features":["TV","WiFi","Safe"],"roomPrice":100},{"roomid":2,"roomName":"102","type":"Double","accessible":true,"image":"/images/room2.jpg","description":"Vestibulum sollicitudin, lectus ac mollis consequat, lorem orci ultrices tellus, eleifend euismod tortor dui egestas erat. Phasellus et ipsum nisl. ","features":["TV","Radio","Safe"],"roomPrice":150},{"roomid":3,"roomName":"103","type":"Suite","accessible":true,"image":"/images/room3.jpg","description":"Etiam metus metus, fringilla ac sagittis id, consequat vel neque. Nunc commodo quis nisl nec posuere. Etiam at accumsan ex. ","features":["Radio","WiFi","Safe"],"roomPrice":225}]} expected [400] but found [200]
	at org.testng.Assert.fail(Assert.java:99)
	at org.testng.Assert.failNotEquals(Assert.java:1037)
	at org.testng.Assert.assertEqualsImpl(Assert.java:140)
	at org.testng.Assert.assertEquals(Assert.java:122)
	at org.testng.Assert.assertEquals(Assert.java:907)
	at com.booking.stepDefinitions.RoomManagementAPI.API_response_status_code_should_be(RoomManagementAPI.java:89)
	at ✽.API response status code of RM should be 400(file:///D:/Joshiba/Kata_Cucumber_Project/api_hotel_booking/src/test/resources/features/checkRoomAvailability.feature:46)

com.booking.runners.TestRunner.runScenario["Check room availability with invalid date formats and ranges", "Optional[Check Room Availability API]"](8)  Time elapsed: 33.423 s  <<< FAILURE!
java.lang.AssertionError: Response status code mismatch. Expected: 503 Actual: 500 Body: [] expected [503] but found [500]
	at org.testng.Assert.fail(Assert.java:99)
	at org.testng.Assert.failNotEquals(Assert.java:1037)
	at org.testng.Assert.assertEqualsImpl(Assert.java:140)
	at org.testng.Assert.assertEquals(Assert.java:122)
	at org.testng.Assert.assertEquals(Assert.java:907)
	at com.booking.stepDefinitions.RoomManagementAPI.API_response_status_code_should_be(RoomManagementAPI.java:89)
	at ✽.API response status code of RM should be 503(file:///D:/Joshiba/Kata_Cucumber_Project/api_hotel_booking/src/test/resources/features/checkRoomAvailability.feature:46)

com.booking.runners.TestRunner.runScenario["Check room availability with invalid date formats and ranges", "Optional[Check Room Availability API]"](9)  Time elapsed: 0.802 s  <<< FAILURE!
java.lang.AssertionError: Response status code mismatch. Expected: 400 Actual: 200 Body: {"rooms":[{"roomid":1,"roomName":"101","type":"Single","accessible":true,"image":"/images/room1.jpg","description":"Aenean porttitor mauris sit amet lacinia molestie. In posuere accumsan aliquet. Maecenas sit amet nisl massa. Interdum et malesuada fames ac ante.","features":["TV","WiFi","Safe"],"roomPrice":100},{"roomid":2,"roomName":"102","type":"Double","accessible":true,"image":"/images/room2.jpg","description":"Vestibulum sollicitudin, lectus ac mollis consequat, lorem orci ultrices tellus, eleifend euismod tortor dui egestas erat. Phasellus et ipsum nisl. ","features":["TV","Radio","Safe"],"roomPrice":150},{"roomid":3,"roomName":"103","type":"Suite","accessible":true,"image":"/images/room3.jpg","description":"Etiam metus metus, fringilla ac sagittis id, consequat vel neque. Nunc commodo quis nisl nec posuere. Etiam at accumsan ex. ","features":["Radio","WiFi","Safe"],"roomPrice":225}]} expected [400] but found [200]
	at org.testng.Assert.fail(Assert.java:99)
	at org.testng.Assert.failNotEquals(Assert.java:1037)
	at org.testng.Assert.assertEqualsImpl(Assert.java:140)
	at org.testng.Assert.assertEquals(Assert.java:122)
	at org.testng.Assert.assertEquals(Assert.java:907)
	at com.booking.stepDefinitions.RoomManagementAPI.API_response_status_code_should_be(RoomManagementAPI.java:89)
	at ✽.API response status code of RM should be 400(file:///D:/Joshiba/Kata_Cucumber_Project/api_hotel_booking/src/test/resources/features/checkRoomAvailability.feature:46)

