<?xml version="1.0" encoding="UTF-8"?>
<testng-results ignored="0" total="1" passed="1" failed="0" skipped="0">
  <reporter-output>
  </reporter-output>
  <suite started-at="2026-03-29T14:24:23 IST" name="CucumberSuite" finished-at="2026-03-29T14:25:08 IST" duration-ms="44378">
    <groups>
    </groups>
    <test started-at="2026-03-29T14:24:23 IST" name="CucumberTests" finished-at="2026-03-29T14:25:08 IST" duration-ms="44378">
      <class name="com.booking.runners.DirectTestRunner">
        <test-method is-config="true" signature="setUpClass()[pri:0, instance:com.booking.runners.DirectTestRunner@5aa9e4eb]" started-at="2026-03-29T14:24:23 IST" name="setUpClass" finished-at="2026-03-29T14:24:24 IST" duration-ms="590" status="PASS">
          <reporter-output>
          </reporter-output>
        </test-method> <!-- setUpClass -->
        <test-method signature="runScenario(io.cucumber.testng.PickleWrapper,io.cucumber.testng.FeatureWrapper)[pri:0, instance:com.booking.runners.DirectTestRunner@5aa9e4eb]" started-at="2026-03-29T14:24:24 IST" name="runScenario" data-provider="scenarios" finished-at="2026-03-29T14:25:05 IST" duration-ms="41278" status="PASS">
          <params>
            <param index="0">
              <value>
                <![CDATA["Complete happy path - Search, Book, and Receive Confirmation"]]>
              </value>
            </param>
            <param index="1">
              <value>
                <![CDATA["Optional[End-to-End Booking System Flow - Shady Meadows B&B]"]]>
              </value>
            </param>
          </params>
          <reporter-output>
          </reporter-output>
        </test-method> <!-- runScenario -->
        <test-method is-config="true" signature="tearDownClass()[pri:0, instance:com.booking.runners.DirectTestRunner@5aa9e4eb]" started-at="2026-03-29T14:25:05 IST" name="tearDownClass" finished-at="2026-03-29T14:25:08 IST" duration-ms="2462" status="PASS">
          <reporter-output>
          </reporter-output>
        </test-method> <!-- tearDownClass -->
      </class> <!-- com.booking.runners.DirectTestRunner -->
    </test> <!-- CucumberTests -->
  </suite> <!-- CucumberSuite -->
</testng-results>
