<?xml version="1.0" encoding="UTF-8"?>
<!-- Generated by org.testng.reporters.JUnitXMLReporter -->
<testsuite ignored="0" hostname="Juanita" failures="3" tests="9" name="API Booking Tests" time="56.285" errors="0" timestamp="2026-03-29T07:46:59 IST">
  <testcase classname="io.cucumber.testng.AbstractTestNGCucumberTests" name="runScenario" time="13.606"/>
  <testcase classname="io.cucumber.testng.AbstractTestNGCucumberTests" name="runScenario" time="1.475"/>
  <testcase classname="io.cucumber.testng.AbstractTestNGCucumberTests" name="runScenario" time="0.513"/>
  <testcase classname="io.cucumber.testng.AbstractTestNGCucumberTests" name="runScenario" time="0.82"/>
  <testcase classname="io.cucumber.testng.AbstractTestNGCucumberTests" name="runScenario" time="0.502"/>
  <testcase classname="io.cucumber.testng.AbstractTestNGCucumberTests" name="runScenario" time="0.48"/>
  <testcase classname="io.cucumber.testng.AbstractTestNGCucumberTests" name="runScenario" time="1.219">
    <failure type="java.lang.AssertionError" message="Response status code mismatch. Expected: 400 Actual: 200 Body: {&amp;quot;rooms&amp;quot;:[{&amp;quot;roomid&amp;quot;:1,&amp;quot;roomName&amp;quot;:&amp;quot;101&amp;quot;,&amp;quot;type&amp;quot;:&amp;quot;Single&amp;quot;,&amp;quot;accessible&amp;quot;:true,&amp;quot;image&amp;quot;:&amp;quot;/images/room1.jpg&amp;quot;,&amp;quot;description&amp;quot;:&amp;quot;Aenean porttitor mauris sit amet lacinia molestie. In posuere accumsan aliquet. Maecenas sit amet nisl massa. Interdum et malesuada fames ac ante.&amp;quot;,&amp;quot;features&amp;quot;:[&amp;quot;TV&amp;quot;,&amp;quot;WiFi&amp;quot;,&amp;quot;Safe&amp;quot;],&amp;quot;roomPrice&amp;quot;:100},{&amp;quot;roomid&amp;quot;:2,&amp;quot;roomName&amp;quot;:&amp;quot;102&amp;quot;,&amp;quot;type&amp;quot;:&amp;quot;Double&amp;quot;,&amp;quot;accessible&amp;quot;:true,&amp;quot;image&amp;quot;:&amp;quot;/images/room2.jpg&amp;quot;,&amp;quot;description&amp;quot;:&amp;quot;Vestibulum sollicitudin, lectus ac mollis consequat, lorem orci ultrices tellus, eleifend euismod tortor dui egestas erat. Phasellus et ipsum nisl. &amp;quot;,&amp;quot;features&amp;quot;:[&amp;quot;TV&amp;quot;,&amp;quot;Radio&amp;quot;,&amp;quot;Safe&amp;quot;],&amp;quot;roomPrice&amp;quot;:150},{&amp;quot;roomid&amp;quot;:3,&amp;quot;roomName&amp;quot;:&amp;quot;103&amp;quot;,&amp;quot;type&amp;quot;:&amp;quot;Suite&amp;quot;,&amp;quot;accessible&amp;quot;:true,&amp;quot;image&amp;quot;:&amp;quot;/images/room3.jpg&amp;quot;,&amp;quot;description&amp;quot;:&amp;quot;Etiam metus metus, fringilla ac sagittis id, consequat vel neque. Nunc commodo quis nisl nec posuere. Etiam at accumsan ex. &amp;quot;,&amp;quot;features&amp;quot;:[&amp;quot;Radio&amp;quot;,&amp;quot;WiFi&amp;quot;,&amp;quot;Safe&amp;quot;],&amp;quot;roomPrice&amp;quot;:225}]} expected [400] but found [200]">
      <![CDATA[java.lang.AssertionError: Response status code mismatch. Expected: 400 Actual: 200 Body: {"rooms":[{"roomid":1,"roomName":"101","type":"Single","accessible":true,"image":"/images/room1.jpg","description":"Aenean porttitor mauris sit amet lacinia molestie. In posuere accumsan aliquet. Maecenas sit amet nisl massa. Interdum et malesuada fames ac ante.","features":["TV","WiFi","Safe"],"roomPrice":100},{"roomid":2,"roomName":"102","type":"Double","accessible":true,"image":"/images/room2.jpg","description":"Vestibulum sollicitudin, lectus ac mollis consequat, lorem orci ultrices tellus, eleifend euismod tortor dui egestas erat. Phasellus et ipsum nisl. ","features":["TV","Radio","Safe"],"roomPrice":150},{"roomid":3,"roomName":"103","type":"Suite","accessible":true,"image":"/images/room3.jpg","description":"Etiam metus metus, fringilla ac sagittis id, consequat vel neque. Nunc commodo quis nisl nec posuere. Etiam at accumsan ex. ","features":["Radio","WiFi","Safe"],"roomPrice":225}]} expected [400] but found [200]
at com.booking.stepDefinitions.RoomManagementAPI.API_response_status_code_should_be(RoomManagementAPI.java:89)
at ✽.API response status code of RM should be 400(file:///D:/Joshiba/Kata_Cucumber_Project/api_hotel_booking/src/test/resources/features/checkRoomAvailability.feature:46)
... Removed 5 stack frames]]>
    </failure>
  </testcase> <!-- runScenario -->
  <testcase classname="io.cucumber.testng.AbstractTestNGCucumberTests" name="runScenario" time="33.424">
    <failure type="java.lang.AssertionError" message="Response status code mismatch. Expected: 503 Actual: 500 Body: [] expected [503] but found [500]">
      <![CDATA[java.lang.AssertionError: Response status code mismatch. Expected: 503 Actual: 500 Body: [] expected [503] but found [500]
at com.booking.stepDefinitions.RoomManagementAPI.API_response_status_code_should_be(RoomManagementAPI.java:89)
at ✽.API response status code of RM should be 503(file:///D:/Joshiba/Kata_Cucumber_Project/api_hotel_booking/src/test/resources/features/checkRoomAvailability.feature:46)
... Removed 5 stack frames]]>
    </failure>
  </testcase> <!-- runScenario -->
  <testcase classname="io.cucumber.testng.AbstractTestNGCucumberTests" name="runScenario" time="0.801">
    <failure type="java.lang.AssertionError" message="Response status code mismatch. Expected: 400 Actual: 200 Body: {&amp;quot;rooms&amp;quot;:[{&amp;quot;roomid&amp;quot;:1,&amp;quot;roomName&amp;quot;:&amp;quot;101&amp;quot;,&amp;quot;type&amp;quot;:&amp;quot;Single&amp;quot;,&amp;quot;accessible&amp;quot;:true,&amp;quot;image&amp;quot;:&amp;quot;/images/room1.jpg&amp;quot;,&amp;quot;description&amp;quot;:&amp;quot;Aenean porttitor mauris sit amet lacinia molestie. In posuere accumsan aliquet. Maecenas sit amet nisl massa. Interdum et malesuada fames ac ante.&amp;quot;,&amp;quot;features&amp;quot;:[&amp;quot;TV&amp;quot;,&amp;quot;WiFi&amp;quot;,&amp;quot;Safe&amp;quot;],&amp;quot;roomPrice&amp;quot;:100},{&amp;quot;roomid&amp;quot;:2,&amp;quot;roomName&amp;quot;:&amp;quot;102&amp;quot;,&amp;quot;type&amp;quot;:&amp;quot;Double&amp;quot;,&amp;quot;accessible&amp;quot;:true,&amp;quot;image&amp;quot;:&amp;quot;/images/room2.jpg&amp;quot;,&amp;quot;description&amp;quot;:&amp;quot;Vestibulum sollicitudin, lectus ac mollis consequat, lorem orci ultrices tellus, eleifend euismod tortor dui egestas erat. Phasellus et ipsum nisl. &amp;quot;,&amp;quot;features&amp;quot;:[&amp;quot;TV&amp;quot;,&amp;quot;Radio&amp;quot;,&amp;quot;Safe&amp;quot;],&amp;quot;roomPrice&amp;quot;:150},{&amp;quot;roomid&amp;quot;:3,&amp;quot;roomName&amp;quot;:&amp;quot;103&amp;quot;,&amp;quot;type&amp;quot;:&amp;quot;Suite&amp;quot;,&amp;quot;accessible&amp;quot;:true,&amp;quot;image&amp;quot;:&amp;quot;/images/room3.jpg&amp;quot;,&amp;quot;description&amp;quot;:&amp;quot;Etiam metus metus, fringilla ac sagittis id, consequat vel neque. Nunc commodo quis nisl nec posuere. Etiam at accumsan ex. &amp;quot;,&amp;quot;features&amp;quot;:[&amp;quot;Radio&amp;quot;,&amp;quot;WiFi&amp;quot;,&amp;quot;Safe&amp;quot;],&amp;quot;roomPrice&amp;quot;:225}]} expected [400] but found [200]">
      <![CDATA[java.lang.AssertionError: Response status code mismatch. Expected: 400 Actual: 200 Body: {"rooms":[{"roomid":1,"roomName":"101","type":"Single","accessible":true,"image":"/images/room1.jpg","description":"Aenean porttitor mauris sit amet lacinia molestie. In posuere accumsan aliquet. Maecenas sit amet nisl massa. Interdum et malesuada fames ac ante.","features":["TV","WiFi","Safe"],"roomPrice":100},{"roomid":2,"roomName":"102","type":"Double","accessible":true,"image":"/images/room2.jpg","description":"Vestibulum sollicitudin, lectus ac mollis consequat, lorem orci ultrices tellus, eleifend euismod tortor dui egestas erat. Phasellus et ipsum nisl. ","features":["TV","Radio","Safe"],"roomPrice":150},{"roomid":3,"roomName":"103","type":"Suite","accessible":true,"image":"/images/room3.jpg","description":"Etiam metus metus, fringilla ac sagittis id, consequat vel neque. Nunc commodo quis nisl nec posuere. Etiam at accumsan ex. ","features":["Radio","WiFi","Safe"],"roomPrice":225}]} expected [400] but found [200]
at com.booking.stepDefinitions.RoomManagementAPI.API_response_status_code_should_be(RoomManagementAPI.java:89)
at ✽.API response status code of RM should be 400(file:///D:/Joshiba/Kata_Cucumber_Project/api_hotel_booking/src/test/resources/features/checkRoomAvailability.feature:46)
... Removed 5 stack frames]]>
    </failure>
  </testcase> <!-- runScenario -->
</testsuite> <!-- API Booking Tests -->
