<?xml version="1.0" encoding="UTF-8"?>
<!-- Generated by org.testng.reporters.JUnitXMLReporter -->
<testsuite ignored="0" hostname="Juanita" failures="0" tests="2" name="API Booking Tests" time="12.025" errors="0" timestamp="2026-03-30T06:42:18 IST">
  <testcase classname="io.cucumber.testng.AbstractTestNGCucumberTests" name="runScenario" time="7.693"/>
  <testcase classname="io.cucumber.testng.AbstractTestNGCucumberTests" name="runScenario" time="1.12"/>
</testsuite> <!-- API Booking Tests -->
