<?xml version="1.0" encoding="UTF-8"?>
<!-- Generated by org.testng.reporters.JUnitReportReporter -->
<testsuite hostname="Juanita" failures="0" tests="1" name="com.booking.runners.TestRunner" time="4.335" errors="1" timestamp="2026-03-29T06:24:36 IST" skipped="0">
  <testcase classname="com.booking.runners.TestRunner" name="runScenario" time="4.335">
    <error message="Cannot invoke &quot;io.restassured.response.Response.getStatusCode()&quot; because &quot;this.response&quot; is null" type="java.lang.NullPointerException">
      <![CDATA[java.lang.NullPointerException: Cannot invoke "io.restassured.response.Response.getStatusCode()" because "this.response" is null
at com.booking.stepDefinitions.LoginAPIStepDefinition.API_response_status_code_should_be(LoginAPIStepDefinition.java:51)
at ✽.API response status code should be 400(file:///D:/Joshiba/Kata_Cucumber_Project/api_hotel_booking/src/test/resources/features/checkRoomAvailability.feature:46)
]]>
    </error>
  </testcase> <!-- runScenario -->
  <system-out/>
</testsuite> <!-- com.booking.runners.TestRunner -->
