<?xml version="1.0" encoding="UTF-8"?>
<!-- Generated by org.testng.reporters.JUnitReportReporter -->
<testsuite hostname="Juanita" failures="0" tests="2" name="com.booking.runners.TestRunner" time="8.813" errors="0" timestamp="2026-03-30T06:42:18 IST" skipped="0">
  <testcase classname="com.booking.runners.TestRunner" name="runScenario" time="7.693"/>
  <system-out/>
  <testcase classname="com.booking.runners.TestRunner" name="runScenario" time="1.120"/>
  <system-out/>
</testsuite> <!-- com.booking.runners.TestRunner -->
